#
# There is insufficient memory for the Java Runtime Environment to continue.
# Native memory allocation (malloc) failed to allocate 910256 bytes for Chunk::new
# Possible reasons:
#   The system is out of physical RAM or swap space
#   The process is running with CompressedOops enabled, and the Java Heap may be blocking the growth of the native heap
# Possible solutions:
#   Reduce memory load on the system
#   Increase physical memory or swap space
#   Check if swap backing store is full
#   Decrease Java heap size (-Xmx/-Xms)
#   Decrease number of Java threads
#   Decrease Java thread stack sizes (-Xss)
#   Set larger code cache with -XX:ReservedCodeCacheSize=
#   JVM is running with Unscaled Compressed Oops mode in which the Java heap is
#     placed in the first 4GB address space. The Java Heap base address is the
#     maximum limit for the native heap growth. Please use -XX:HeapBaseMinAddress
#     to set the Java Heap base and to place the Java Heap above 4GB virtual address.
# This output file may be truncated or incomplete.
#
#  Out of Memory Error (allocation.cpp:389), pid=11156, tid=0x0000000000002964
#
# JRE version: OpenJDK Runtime Environment (8.0_242-b01) (build 1.8.0_242-release-1644-b01)
# Java VM: OpenJDK 64-Bit Server VM (25.242-b01 mixed mode windows-amd64 compressed oops)
# Failed to write core dump. Minidumps are not enabled by default on client versions of Windows
#

---------------  T H R E A D  ---------------

Current thread (0x000000001a178800):  JavaThread "C2 CompilerThread2" daemon [_thread_in_native, id=10596, stack(0x000000001ac60000,0x000000001ad60000)]

Stack: [0x000000001ac60000,0x000000001ad60000]
[error occurred during error reporting (printing stack bounds), id 0xc0000005]

Native frames: (J=compiled Java code, j=interpreted, Vv=VM code, C=native code)


Current CompileTask:
C2:   3487 2606       4       org.objectweb.asm.Frame::execute (2318 bytes)


---------------  P R O C E S S  ---------------

Java Threads: ( => current thread )
  0x000000001cebd800 JavaThread "Cache worker for file content cache (C:\Users\carlo\.gradle\caches\6.5\fileContent)" [_thread_blocked, id=12968, stack(0x0000000023530000,0x0000000023630000)]
  0x000000001cebc000 JavaThread "jar transforms" [_thread_blocked, id=14944, stack(0x0000000022cb0000,0x0000000022db0000)]
  0x000000001ceb8800 JavaThread "Cache worker for execution history cache (C:\Users\carlo\.gradle\caches\6.5\executionHistory)" [_thread_blocked, id=10200, stack(0x0000000022bb0000,0x0000000022cb0000)]
  0x000000001cebe000 JavaThread "Cache worker for cache directory md-rule (C:\Users\carlo\.gradle\caches\6.5\md-rule)" [_thread_blocked, id=5832, stack(0x0000000022ab0000,0x0000000022bb0000)]
  0x000000001ceba000 JavaThread "Cache worker for cache directory md-supplier (C:\Users\carlo\.gradle\caches\6.5\md-supplier)" [_thread_blocked, id=5876, stack(0x0000000021750000,0x0000000021850000)]
  0x000000001ceb9800 JavaThread "Cache worker for checksums cache (C:\Users\carlo\AndroidStudioProjects\AppMovil_Security\.gradle\checksums)" [_thread_blocked, id=10592, stack(0x0000000021650000,0x0000000021750000)]
  0x000000001cebb000 JavaThread "Cache worker for file hash cache (C:\Users\carlo\AndroidStudioProjects\AppMovil_Security\.gradle\6.5\fileHashes)" [_thread_blocked, id=14468, stack(0x0000000022e30000,0x0000000022f30000)]
  0x000000001cebc800 JavaThread "Cache worker for file hash cache (C:\Users\carlo\.gradle\caches\6.5\fileHashes)" [_thread_blocked, id=680, stack(0x000000001f1b0000,0x000000001f2b0000)]
  0x000000001ceb8000 JavaThread "File lock request listener" [_thread_in_native, id=10208, stack(0x000000001f0b0000,0x000000001f1b0000)]
  0x000000001b30b000 JavaThread "Cache worker for journal cache (C:\Users\carlo\.gradle\caches\journal-1)" [_thread_blocked, id=9100, stack(0x000000001efb0000,0x000000001f0b0000)]
  0x000000001b160800 JavaThread "Thread-9" [_thread_blocked, id=7840, stack(0x000000001ecb0000,0x000000001edb0000)]
  0x000000001cdbe000 JavaThread "Stdin handler" [_thread_blocked, id=14432, stack(0x000000001ebb0000,0x000000001ecb0000)]
  0x000000001cdb5000 JavaThread "Asynchronous log dispatcher for DefaultDaemonConnection: socket connection from /127.0.0.1:1340 to /127.0.0.1:1341" [_thread_blocked, id=13212, stack(0x000000001eab0000,0x000000001ebb0000)]
  0x000000001cdc2800 JavaThread "Daemon worker" [_thread_in_vm, id=11376, stack(0x000000001e9b0000,0x000000001eab0000)]
  0x000000001cdbf000 JavaThread "Cancel handler" [_thread_blocked, id=14992, stack(0x000000001e7b0000,0x000000001e8b0000)]
  0x000000001ccef800 JavaThread "Handler for socket connection from /127.0.0.1:1340 to /127.0.0.1:1341" [_thread_in_native, id=6008, stack(0x000000001e6b0000,0x000000001e7b0000)]
  0x000000001cd03000 JavaThread "Daemon" [_thread_blocked, id=8444, stack(0x000000001e5b0000,0x000000001e6b0000)]
  0x000000001cd1d000 JavaThread "Daemon periodic checks" [_thread_blocked, id=8928, stack(0x000000001e2b0000,0x000000001e3b0000)]
  0x000000001cd1a800 JavaThread "Incoming local TCP Connector on port 1340" [_thread_in_native, id=8972, stack(0x000000001e040000,0x000000001e140000)]
  0x000000001b16a800 JavaThread "Daemon health stats" [_thread_blocked, id=10628, stack(0x000000001da00000,0x000000001db00000)]
  0x000000001a208000 JavaThread "Service Thread" daemon [_thread_blocked, id=8448, stack(0x000000001ae60000,0x000000001af60000)]
  0x000000001a17c800 JavaThread "C1 CompilerThread3" daemon [_thread_blocked, id=9152, stack(0x000000001ad60000,0x000000001ae60000)]
=>0x000000001a178800 JavaThread "C2 CompilerThread2" daemon [_thread_in_native, id=10596, stack(0x000000001ac60000,0x000000001ad60000)]
  0x000000001a174000 JavaThread "C2 CompilerThread1" daemon [_thread_in_native, id=10984, stack(0x000000001ab60000,0x000000001ac60000)]
  0x000000001a170800 JavaThread "C2 CompilerThread0" daemon [_thread_blocked, id=268, stack(0x000000001aa60000,0x000000001ab60000)]
  0x000000001a16f800 JavaThread "Attach Listener" daemon [_thread_blocked, id=5936, stack(0x000000001a960000,0x000000001aa60000)]
  0x000000001a16e000 JavaThread "Signal Dispatcher" daemon [_thread_blocked, id=7920, stack(0x000000001a860000,0x000000001a960000)]
  0x00000000032fc800 JavaThread "Finalizer" daemon [_thread_blocked, id=4064, stack(0x000000001a640000,0x000000001a740000)]
  0x000000001a160800 JavaThread "Reference Handler" daemon [_thread_blocked, id=8344, stack(0x000000001a540000,0x000000001a640000)]
  0x0000000003202800 JavaThread "main" [_thread_blocked, id=15060, stack(0x0000000003090000,0x0000000003190000)]

Other Threads:
  0x0000000018368800 VMThread [stack: 0x000000001a040000,0x000000001a140000] [id=3572]
  0x000000001a208800 WatcherThread [stack: 0x000000001af60000,0x000000001b060000] [id=14720]

VM state:not at safepoint (normal execution)

VM Mutex/Monitor currently owned by a thread: None

heap address: 0x0000000080000000, size: 2048 MB, Compressed Oops mode: 32-bit
Narrow klass base: 0x0000000000000000, Narrow klass shift: 3
Compressed class space size: 1073741824 Address: 0x0000000100000000

Heap:
 PSYoungGen      total 76800K, used 23480K [0x00000000d5580000, 0x00000000dd080000, 0x0000000100000000)
  eden space 66048K, 21% used [0x00000000d5580000,0x00000000d633d6c8,0x00000000d9600000)
  from space 10752K, 87% used [0x00000000d9600000,0x00000000d9f30ba8,0x00000000da080000)
  to   space 12288K, 0% used [0x00000000dc480000,0x00000000dc480000,0x00000000dd080000)
 ParOldGen       total 46592K, used 6666K [0x0000000080000000, 0x0000000082d80000, 0x00000000d5580000)
  object space 46592K, 14% used [0x0000000080000000,0x0000000080682b10,0x0000000082d80000)
 Metaspace       used 33570K, capacity 34728K, committed 34864K, reserved 1079296K
  class space    used 4611K, capacity 4865K, committed 4912K, reserved 1048576K

Card table byte_map: [0x00000000126c0000,0x0000000012ad0000] byte_map_base: 0x00000000122c0000

Marking Bits: (ParMarkBitMap*) 0x000000005bd7f030
 Begin Bits: [0x0000000013580000, 0x0000000015580000)
 End Bits:   [0x0000000015580000, 0x0000000017580000)

Polling page: 0x0000000001830000

CodeCache: size=245760Kb used=10351Kb max_used=10351Kb free=235408Kb
 bounds [0x0000000003300000, 0x0000000003d30000, 0x0000000012300000]
 total_blobs=3359 nmethods=2675 adapters=597
 compilation: enabled

Compilation events (10 events):
Event: 3.478 Thread 0x000000001a17c800 2677       3       java.util.concurrent.locks.ReentrantLock$NonfairSync::tryAcquire (6 bytes)
Event: 3.478 Thread 0x000000001a17c800 nmethod 2677 0x0000000003d15ed0 code [0x0000000003d16040, 0x0000000003d16248]
Event: 3.484 Thread 0x000000001a17c800 2678       3       java.lang.Byte::valueOf (10 bytes)
Event: 3.484 Thread 0x000000001a17c800 nmethod 2678 0x0000000003d15810 code [0x0000000003d15960, 0x0000000003d15ad0]
Event: 3.484 Thread 0x000000001a17c800 2679       3       java.lang.invoke.MemberName::<init> (131 bytes)
Event: 3.485 Thread 0x000000001a17c800 nmethod 2679 0x0000000003d1e090 code [0x0000000003d1e360, 0x0000000003d1f758]
Event: 3.485 Thread 0x000000001a17c800 2680   !   3       java.util.WeakHashMap::expungeStaleEntries (139 bytes)
Event: 3.485 Thread 0x000000001a17c800 nmethod 2680 0x0000000003d1ff50 code [0x0000000003d20120, 0x0000000003d20c28]
Event: 3.485 Thread 0x000000001a17c800 2681       3       java.io.DataOutputStream::<init> (19 bytes)
Event: 3.485 Thread 0x000000001a17c800 nmethod 2681 0x0000000003d1da90 code [0x0000000003d1dc00, 0x0000000003d1df30]

GC Heap History (10 events):
Event: 2.416 GC heap before
{Heap before GC invocations=6 (full 0):
 PSYoungGen      total 38400K, used 38384K [0x00000000d5580000, 0x00000000daa80000, 0x0000000100000000)
  eden space 33280K, 100% used [0x00000000d5580000,0x00000000d7600000,0x00000000d7600000)
  from space 5120K, 99% used [0x00000000d7600000,0x00000000d7afc030,0x00000000d7b00000)
  to   space 10240K, 0% used [0x00000000da080000,0x00000000da080000,0x00000000daa80000)
 ParOldGen       total 87552K, used 6795K [0x0000000080000000, 0x0000000085580000, 0x00000000d5580000)
  object space 87552K, 7% used [0x0000000080000000,0x00000000806a2c88,0x0000000085580000)
 Metaspace       used 20543K, capacity 21204K, committed 21248K, reserved 1067008K
  class space    used 2872K, capacity 3048K, committed 3072K, reserved 1048576K
Event: 2.422 GC heap after
Heap after GC invocations=6 (full 0):
 PSYoungGen      total 76288K, used 8607K [0x00000000d5580000, 0x00000000dab80000, 0x0000000100000000)
  eden space 66048K, 0% used [0x00000000d5580000,0x00000000d5580000,0x00000000d9600000)
  from space 10240K, 84% used [0x00000000da080000,0x00000000da8e7c70,0x00000000daa80000)
  to   space 10752K, 0% used [0x00000000d9600000,0x00000000d9600000,0x00000000da080000)
 ParOldGen       total 87552K, used 6803K [0x0000000080000000, 0x0000000085580000, 0x00000000d5580000)
  object space 87552K, 7% used [0x0000000080000000,0x00000000806a4c88,0x0000000085580000)
 Metaspace       used 20543K, capacity 21204K, committed 21248K, reserved 1067008K
  class space    used 2872K, capacity 3048K, committed 3072K, reserved 1048576K
}
Event: 2.427 GC heap before
{Heap before GC invocations=7 (full 0):
 PSYoungGen      total 76288K, used 9646K [0x00000000d5580000, 0x00000000dab80000, 0x0000000100000000)
  eden space 66048K, 1% used [0x00000000d5580000,0x00000000d5683bb0,0x00000000d9600000)
  from space 10240K, 84% used [0x00000000da080000,0x00000000da8e7c70,0x00000000daa80000)
  to   space 10752K, 0% used [0x00000000d9600000,0x00000000d9600000,0x00000000da080000)
 ParOldGen       total 87552K, used 6803K [0x0000000080000000, 0x0000000085580000, 0x00000000d5580000)
  object space 87552K, 7% used [0x0000000080000000,0x00000000806a4c88,0x0000000085580000)
 Metaspace       used 20569K, capacity 21236K, committed 21296K, reserved 1067008K
  class space    used 2877K, capacity 3080K, committed 3120K, reserved 1048576K
Event: 2.431 GC heap after
Heap after GC invocations=7 (full 0):
 PSYoungGen      total 76800K, used 3748K [0x00000000d5580000, 0x00000000dab80000, 0x0000000100000000)
  eden space 66048K, 0% used [0x00000000d5580000,0x00000000d5580000,0x00000000d9600000)
  from space 10752K, 34% used [0x00000000d9600000,0x00000000d99a9050,0x00000000da080000)
  to   space 10240K, 0% used [0x00000000da080000,0x00000000da080000,0x00000000daa80000)
 ParOldGen       total 87552K, used 9139K [0x0000000080000000, 0x0000000085580000, 0x00000000d5580000)
  object space 87552K, 10% used [0x0000000080000000,0x00000000808eccf8,0x0000000085580000)
 Metaspace       used 20569K, capacity 21236K, committed 21296K, reserved 1067008K
  class space    used 2877K, capacity 3080K, committed 3120K, reserved 1048576K
}
Event: 2.431 GC heap before
{Heap before GC invocations=8 (full 1):
 PSYoungGen      total 76800K, used 3748K [0x00000000d5580000, 0x00000000dab80000, 0x0000000100000000)
  eden space 66048K, 0% used [0x00000000d5580000,0x00000000d5580000,0x00000000d9600000)
  from space 10752K, 34% used [0x00000000d9600000,0x00000000d99a9050,0x00000000da080000)
  to   space 10240K, 0% used [0x00000000da080000,0x00000000da080000,0x00000000daa80000)
 ParOldGen       total 87552K, used 9139K [0x0000000080000000, 0x0000000085580000, 0x00000000d5580000)
  object space 87552K, 10% used [0x0000000080000000,0x00000000808eccf8,0x0000000085580000)
 Metaspace       used 20569K, capacity 21236K, committed 21296K, reserved 1067008K
  class space    used 2877K, capacity 3080K, committed 3120K, reserved 1048576K
Event: 2.457 GC heap after
Heap after GC invocations=8 (full 1):
 PSYoungGen      total 76800K, used 0K [0x00000000d5580000, 0x00000000dab80000, 0x0000000100000000)
  eden space 66048K, 0% used [0x00000000d5580000,0x00000000d5580000,0x00000000d9600000)
  from space 10752K, 0% used [0x00000000d9600000,0x00000000d9600000,0x00000000da080000)
  to   space 10240K, 0% used [0x00000000da080000,0x00000000da080000,0x00000000daa80000)
 ParOldGen       total 46592K, used 6650K [0x0000000080000000, 0x0000000082d80000, 0x00000000d5580000)
  object space 46592K, 14% used [0x0000000080000000,0x000000008067eb10,0x0000000082d80000)
 Metaspace       used 20569K, capacity 21236K, committed 21296K, reserved 1067008K
  class space    used 2877K, capacity 3080K, committed 3120K, reserved 1048576K
}
Event: 2.962 GC heap before
{Heap before GC invocations=9 (full 1):
 PSYoungGen      total 76800K, used 66048K [0x00000000d5580000, 0x00000000dab80000, 0x0000000100000000)
  eden space 66048K, 100% used [0x00000000d5580000,0x00000000d9600000,0x00000000d9600000)
  from space 10752K, 0% used [0x00000000d9600000,0x00000000d9600000,0x00000000da080000)
  to   space 10240K, 0% used [0x00000000da080000,0x00000000da080000,0x00000000daa80000)
 ParOldGen       total 46592K, used 6650K [0x0000000080000000, 0x0000000082d80000, 0x00000000d5580000)
  object space 46592K, 14% used [0x0000000080000000,0x000000008067eb10,0x0000000082d80000)
 Metaspace       used 28550K, capacity 29392K, committed 29616K, reserved 1075200K
  class space    used 3960K, capacity 4192K, committed 4272K, reserved 1048576K
Event: 2.967 GC heap after
Heap after GC invocations=9 (full 1):
 PSYoungGen      total 76288K, used 8314K [0x00000000d5580000, 0x00000000dab80000, 0x0000000100000000)
  eden space 66048K, 0% used [0x00000000d5580000,0x00000000d5580000,0x00000000d9600000)
  from space 10240K, 81% used [0x00000000da080000,0x00000000da89e9a8,0x00000000daa80000)
  to   space 10752K, 0% used [0x00000000d9600000,0x00000000d9600000,0x00000000da080000)
 ParOldGen       total 46592K, used 6658K [0x0000000080000000, 0x0000000082d80000, 0x00000000d5580000)
  object space 46592K, 14% used [0x0000000080000000,0x0000000080680b10,0x0000000082d80000)
 Metaspace       used 28550K, capacity 29392K, committed 29616K, reserved 1075200K
  class space    used 3960K, capacity 4192K, committed 4272K, reserved 1048576K
}
Event: 3.405 GC heap before
{Heap before GC invocations=10 (full 1):
 PSYoungGen      total 76288K, used 74362K [0x00000000d5580000, 0x00000000dab80000, 0x0000000100000000)
  eden space 66048K, 100% used [0x00000000d5580000,0x00000000d9600000,0x00000000d9600000)
  from space 10240K, 81% used [0x00000000da080000,0x00000000da89e9a8,0x00000000daa80000)
  to   space 10752K, 0% used [0x00000000d9600000,0x00000000d9600000,0x00000000da080000)
 ParOldGen       total 46592K, used 6658K [0x0000000080000000, 0x0000000082d80000, 0x00000000d5580000)
  object space 46592K, 14% used [0x0000000080000000,0x0000000080680b10,0x0000000082d80000)
 Metaspace       used 32782K, capacity 33808K, committed 33968K, reserved 1079296K
  class space    used 4490K, capacity 4754K, committed 4784K, reserved 1048576K
Event: 3.411 GC heap after
Heap after GC invocations=10 (full 1):
 PSYoungGen      total 76800K, used 9410K [0x00000000d5580000, 0x00000000dd080000, 0x0000000100000000)
  eden space 66048K, 0% used [0x00000000d5580000,0x00000000d5580000,0x00000000d9600000)
  from space 10752K, 87% used [0x00000000d9600000,0x00000000d9f30ba8,0x00000000da080000)
  to   space 12288K, 0% used [0x00000000dc480000,0x00000000dc480000,0x00000000dd080000)
 ParOldGen       total 46592K, used 6666K [0x0000000080000000, 0x0000000082d80000, 0x00000000d5580000)
  object space 46592K, 14% used [0x0000000080000000,0x0000000080682b10,0x0000000082d80000)
 Metaspace       used 32782K, capacity 33808K, committed 33968K, reserved 1079296K
  class space    used 4490K, capacity 4754K, committed 4784K, reserved 1048576K
}

Deoptimization events (10 events):
Event: 2.992 Thread 0x000000001cdc2800 Uncommon trap: reason=unstable_if action=reinterpret pc=0x00000000038f2614 method=java.net.URLClassLoader.defineClass(Ljava/lang/String;Lsun/misc/Resource;)Ljava/lang/Class; @ 21
Event: 2.992 Thread 0x000000001cdc2800 Uncommon trap: reason=unstable_if action=reinterpret pc=0x00000000037eddb4 method=java.lang.ClassLoader.getClassLoadingLock(Ljava/lang/String;)Ljava/lang/Object; @ 6
Event: 3.173 Thread 0x000000001cdc2800 Uncommon trap: reason=unstable_if action=reinterpret pc=0x00000000038cc27c method=java.util.HashMap.getNode(ILjava/lang/Object;)Ljava/util/HashMap$Node; @ 53
Event: 3.232 Thread 0x000000001cdc2800 Uncommon trap: reason=unstable_if action=reinterpret pc=0x0000000003ad1c74 method=org.gradle.internal.reflect.PropertyAccessorType.isGetGetterName(Ljava/lang/String;)Z @ 14
Event: 3.251 Thread 0x000000001cdc2800 Uncommon trap: reason=unstable_if action=reinterpret pc=0x00000000039eadc0 method=org.objectweb.asm.ByteVector.putShort(I)Lorg/objectweb/asm/ByteVector; @ 13
Event: 3.320 Thread 0x000000001cdc2800 Uncommon trap: reason=unstable_if action=reinterpret pc=0x0000000003947300 method=java.net.URLClassLoader.defineClass(Ljava/lang/String;Lsun/misc/Resource;)Ljava/lang/Class; @ 21
Event: 3.368 Thread 0x000000001cdc2800 Uncommon trap: reason=unstable_if action=reinterpret pc=0x0000000003ca5b3c method=org.codehaus.groovy.runtime.metaclass.MetaMethodIndex.addMethodToList(Ljava/lang/Object;Lgroovy/lang/MetaMethod;)Ljava/lang/Object; @ 226
Event: 3.382 Thread 0x000000001cdc2800 Uncommon trap: reason=class_check action=maybe_recompile pc=0x0000000003a62928 method=java.util.WeakHashMap.eq(Ljava/lang/Object;Ljava/lang/Object;)Z @ 7
Event: 3.404 Thread 0x000000001cdc2800 Uncommon trap: reason=range_check action=make_not_entrant pc=0x0000000003c75530 method=java.lang.String.charAt(I)C @ 27
Event: 3.467 Thread 0x000000001cdc2800 Uncommon trap: reason=unstable_if action=reinterpret pc=0x00000000037905e0 method=java.util.WeakHashMap.expungeStaleEntries()V @ 66

Classes redefined (0 events):
No events

Internal exceptions (10 events):
Event: 3.379 Thread 0x000000001cdc2800 Exception <a 'java/lang/ClassNotFoundException': org/gradle/api/internal/DefaultDomainObjectCollectionCustomizer> (0x00000000d8eed0d8) thrown at [C:\src\AOSP-openjdk-git\hotspot\src\share\vm\classfile\systemDictionary.cpp, line 210]
Event: 3.380 Thread 0x000000001cdc2800 Exception <a 'java/lang/ClassNotFoundException': org/gradle/api/internal/DefaultNamedDomainObjectCollectionCustomizer> (0x00000000d8f4b480) thrown at [C:\src\AOSP-openjdk-git\hotspot\src\share\vm\classfile\systemDictionary.cpp, line 210]
Event: 3.382 Thread 0x000000001cdc2800 Exception <a 'java/lang/ClassNotFoundException': org/gradle/api/internal/DefaultNamedDomainObjectListCustomizer> (0x00000000d8fbfe90) thrown at [C:\src\AOSP-openjdk-git\hotspot\src\share\vm\classfile\systemDictionary.cpp, line 210]
Event: 3.383 Thread 0x000000001cdc2800 Exception <a 'java/lang/ClassNotFoundException': org/gradle/api/internal/artifacts/DefaultArtifactRepositoryContainerCustomizer> (0x00000000d9034e28) thrown at [C:\src\AOSP-openjdk-git\hotspot\src\share\vm\classfile\systemDictionary.cpp, line 210]
Event: 3.384 Thread 0x000000001cdc2800 Exception <a 'java/lang/ClassNotFoundException': org/gradle/api/internal/artifacts/dsl/DefaultRepositoryHandlerCustomizer> (0x00000000d909a208) thrown at [C:\src\AOSP-openjdk-git\hotspot\src\share\vm\classfile\systemDictionary.cpp, line 210]
Event: 3.385 Thread 0x000000001cdc2800 Exception <a 'java/lang/ClassNotFoundException': org/gradle/api/internal/artifacts/dsl/DefaultRepositoryHandler_DecoratedCustomizer> (0x00000000d911da48) thrown at [C:\src\AOSP-openjdk-git\hotspot\src\share\vm\classfile\systemDictionary.cpp, line 210]
Event: 3.465 Thread 0x000000001cdc2800 Exception <a 'java/lang/ClassNotFoundException': org/gradle/api/internal/artifacts/dsl/dependencies/DefaultDependencyHandler_DecoratedBeanInfo> (0x00000000d5eca260) thrown at [C:\src\AOSP-openjdk-git\hotspot\src\share\vm\classfile\systemDictionary.cpp, li
Event: 3.466 Thread 0x000000001cdc2800 Exception <a 'java/lang/ClassNotFoundException': org/gradle/api/internal/artifacts/dsl/dependencies/DefaultDependencyHandlerBeanInfo> (0x00000000d5f22ba0) thrown at [C:\src\AOSP-openjdk-git\hotspot\src\share\vm\classfile\systemDictionary.cpp, line 210]
Event: 3.467 Thread 0x000000001cdc2800 Exception <a 'java/lang/ClassNotFoundException': org/gradle/api/internal/artifacts/dsl/dependencies/DefaultDependencyHandlerCustomizer> (0x00000000d5f7c7e0) thrown at [C:\src\AOSP-openjdk-git\hotspot\src\share\vm\classfile\systemDictionary.cpp, line 210]
Event: 3.468 Thread 0x000000001cdc2800 Exception <a 'java/lang/ClassNotFoundException': org/gradle/api/internal/artifacts/dsl/dependencies/DefaultDependencyHandler_DecoratedCustomizer> (0x00000000d60075d0) thrown at [C:\src\AOSP-openjdk-git\hotspot\src\share\vm\classfile\systemDictionary.cpp, 

Events (10 events):
Event: 3.484 loading class org/gradle/authentication/Authentication
Event: 3.484 loading class org/gradle/authentication/Authentication done
Event: 3.484 loading class org/gradle/authentication/Authentication
Event: 3.484 loading class org/gradle/authentication/Authentication done
Event: 3.484 loading class org/gradle/api/Transformer
Event: 3.484 loading class org/gradle/api/Transformer done
Event: 3.484 loading class org/gradle/api/internal/attributes/ImmutableAttributeContainerWithErrorMessage
Event: 3.484 loading class org/gradle/api/internal/attributes/ImmutableAttributeContainerWithErrorMessage done
Event: 3.486 loading class org/gradle/api/internal/artifacts/DefaultResolverResults
Event: 3.486 loading class org/gradle/api/internal/artifacts/DefaultResolverResults done


Dynamic libraries:
0x00007ff7abe30000 - 0x00007ff7abe61000 	C:\Program Files\Android\Android Studio\jre\bin\java.exe
0x00007ff963470000 - 0x00007ff963664000 	C:\WINDOWS\SYSTEM32\ntdll.dll
0x00007ff962580000 - 0x00007ff96263d000 	C:\WINDOWS\System32\KERNEL32.DLL
0x00007ff960da0000 - 0x00007ff961067000 	C:\WINDOWS\System32\KERNELBASE.dll
0x00007ff962d60000 - 0x00007ff962e0a000 	C:\WINDOWS\System32\ADVAPI32.dll
0x00007ff961c50000 - 0x00007ff961cee000 	C:\WINDOWS\System32\msvcrt.dll
0x00007ff9631e0000 - 0x00007ff96327b000 	C:\WINDOWS\System32\sechost.dll
0x00007ff963050000 - 0x00007ff963173000 	C:\WINDOWS\System32\RPCRT4.dll
0x00007ff962e40000 - 0x00007ff962fe0000 	C:\WINDOWS\System32\USER32.dll
0x00007ff960c20000 - 0x00007ff960c42000 	C:\WINDOWS\System32\win32u.dll
0x00007ff962e10000 - 0x00007ff962e3a000 	C:\WINDOWS\System32\GDI32.dll
0x00007ff9611a0000 - 0x00007ff9612aa000 	C:\WINDOWS\System32\gdi32full.dll
0x00007ff960d00000 - 0x00007ff960d9d000 	C:\WINDOWS\System32\msvcp_win.dll
0x00007ff961070000 - 0x00007ff961170000 	C:\WINDOWS\System32\ucrtbase.dll
0x00007ff93a050000 - 0x00007ff93a2ea000 	C:\WINDOWS\WinSxS\amd64_microsoft.windows.common-controls_6595b64144ccf1df_6.0.19041.1_none_b555e41d4684ddec\COMCTL32.dll
0x00007ff9614e0000 - 0x00007ff961510000 	C:\WINDOWS\System32\IMM32.DLL
0x000000005b4d0000 - 0x000000005b5a2000 	C:\Program Files\Android\Android Studio\jre\jre\bin\msvcr100.dll
0x000000005b5b0000 - 0x000000005bdfb000 	C:\Program Files\Android\Android Studio\jre\jre\bin\server\jvm.dll
0x00007ff962640000 - 0x00007ff962648000 	C:\WINDOWS\System32\PSAPI.DLL
0x00007ff93c4c0000 - 0x00007ff93c4c9000 	C:\WINDOWS\SYSTEM32\WSOCK32.dll
0x00007ff93c580000 - 0x00007ff93c5a7000 	C:\WINDOWS\SYSTEM32\WINMM.dll
0x00007ff956020000 - 0x00007ff95602a000 	C:\WINDOWS\SYSTEM32\VERSION.dll
0x00007ff962460000 - 0x00007ff9624cb000 	C:\WINDOWS\System32\WS2_32.dll
0x00007ff951960000 - 0x00007ff95196f000 	C:\Program Files\Android\Android Studio\jre\jre\bin\verify.dll
0x00007ff951900000 - 0x00007ff951929000 	C:\Program Files\Android\Android Studio\jre\jre\bin\java.dll
0x00007ff9508d0000 - 0x00007ff9508e6000 	C:\Program Files\Android\Android Studio\jre\jre\bin\zip.dll
0x00007ff961510000 - 0x00007ff961c44000 	C:\WINDOWS\System32\SHELL32.dll
0x00007ff95eb00000 - 0x00007ff95f28e000 	C:\WINDOWS\SYSTEM32\windows.storage.dll
0x00007ff9627f0000 - 0x00007ff962b43000 	C:\WINDOWS\System32\combase.dll
0x00007ff960640000 - 0x00007ff96066b000 	C:\WINDOWS\SYSTEM32\Wldp.dll
0x00007ff9623b0000 - 0x00007ff96245e000 	C:\WINDOWS\System32\SHCORE.dll
0x00007ff9621d0000 - 0x00007ff962225000 	C:\WINDOWS\System32\shlwapi.dll
0x00007ff960b00000 - 0x00007ff960b1f000 	C:\WINDOWS\SYSTEM32\profapi.dll
0x00007ff9508b0000 - 0x00007ff9508ca000 	C:\Program Files\Android\Android Studio\jre\jre\bin\net.dll
0x00007ff9603c0000 - 0x00007ff96042a000 	C:\WINDOWS\system32\mswsock.dll
0x00007ff94ef50000 - 0x00007ff94ef63000 	C:\Program Files\Android\Android Studio\jre\jre\bin\nio.dll
0x00007ff94ebc0000 - 0x00007ff94ebe7000 	C:\Users\carlo\.gradle\native\f6784746aeab05261644944871eae4fe03e0ef1612fff0a4a95f87b438bc6780\windows-amd64\native-platform.dll
0x00007ff9508a0000 - 0x00007ff9508ad000 	C:\Program Files\Android\Android Studio\jre\jre\bin\management.dll
0x00007ff9605a0000 - 0x00007ff9605b8000 	C:\WINDOWS\SYSTEM32\CRYPTSP.dll
0x00007ff95fce0000 - 0x00007ff95fd14000 	C:\WINDOWS\system32\rsaenh.dll
0x00007ff961170000 - 0x00007ff961197000 	C:\WINDOWS\System32\bcrypt.dll
0x00007ff960a80000 - 0x00007ff960aae000 	C:\WINDOWS\SYSTEM32\USERENV.dll
0x00007ff9612b0000 - 0x00007ff96132f000 	C:\WINDOWS\System32\bcryptprimitives.dll
0x00007ff960590000 - 0x00007ff96059c000 	C:\WINDOWS\SYSTEM32\CRYPTBASE.dll
0x00007ff960060000 - 0x00007ff96009b000 	C:\WINDOWS\SYSTEM32\IPHLPAPI.DLL
0x00007ff961cf0000 - 0x00007ff961cf9000 	C:\WINDOWS\System32\NSI.dll
0x00007ff94f740000 - 0x00007ff94f757000 	C:\WINDOWS\SYSTEM32\dhcpcsvc6.DLL
0x00007ff94f910000 - 0x00007ff94f92d000 	C:\WINDOWS\SYSTEM32\dhcpcsvc.DLL
0x00007ff9600b0000 - 0x00007ff96017a000 	C:\WINDOWS\SYSTEM32\DNSAPI.dll
0x00007ff955fb0000 - 0x00007ff955fbb000 	C:\WINDOWS\SYSTEM32\WINNSI.DLL

VM Arguments:
jvm_args: -Xmx2048m -Dfile.encoding=UTF-8 -Duser.country=ES -Duser.language=es -Duser.variant 
java_command: org.gradle.launcher.daemon.bootstrap.GradleDaemon 6.5
java_class_path (initial): C:\Users\carlo\.gradle\wrapper\dists\gradle-6.5-all\2oz4ud9k3tuxjg84bbf55q0tn\gradle-6.5\lib\gradle-launcher-6.5.jar
Launcher Type: SUN_STANDARD

Environment Variables:
PATH=C:\Python39\Scripts\;C:\Python39\;C:\Program Files (x86)\Common Files\Oracle\Java\javapath;C:\WINDOWS\system32;C:\WINDOWS;C:\WINDOWS\System32\Wbem;C:\WINDOWS\System32\WindowsPowerShell\v1.0\;C:\WINDOWS\System32\OpenSSH\;C:\Program Files\Microsoft SQL Server\Client SDK\ODBC\130\Tools\Binn\;C:\Program Files (x86)\Microsoft SQL Server\150\DTS\Binn\;C:\Program Files (x86)\Windows Kits\10\Windows Performance Toolkit\;C:\Program Files\Microsoft SQL Server\Client SDK\ODBC\170\Tools\Binn\;C:\Program Files (x86)\Microsoft SQL Server\150\Tools\Binn\;C:\Program Files\Microsoft SQL Server\150\Tools\Binn\;C:\Program Files\Microsoft SQL Server\150\DTS\Binn\;C:\Program Files\Git\cmd;C:\Program Files\dotnet\;C:\Program Files\Microsoft SQL Server\130\Tools\Binn\;C:\Program Files (x86)\dotnet\;C:\xampp\php;C:\composer;C:\Program Files\nodejs\;C:\ProgramData\chocolatey\bin;C:\Users\carlo\AppData\Local\Programs\Python\Python38-32\Scripts\;C:\Users\carlo\AppData\Local\Programs\Python\Python38-32\;C:\Users\carlo\AppData\Local\Microsoft\WindowsApps;C:\Users\carlo\AppData\Roaming\Dashlane\6.2007.0.32704\bin\Firefox_Extension\{442718d9-475e-452a-b3e1-fb1ee16b8e9f}\components;C:\Users\carlo\AppData\Roaming\Dashlane\6.2007.0.32704\ucrt;C:\Users\carlo\AppData\Roaming\Dashlane\6.2007.0.32704\bin\Qt;C:\Users\carlo\AppData\Roaming\Dashlane\6.2007.0.32704\bin\Ssl;C:\Users\carlo\AppData\Local\Programs\Microsoft VS Code\bin;C:\sqlite3\sqlite-tools-win32-x86-3330000;C:\Users\carlo\AppData\Roaming\Composer\vendor\bin;C:\xampp\php;C:\Users\carlo\.dotnet\tools;C:\Users\carlo\AppData\Roaming\npm
USERNAME=Carlos Ivan Almeida
OS=Windows_NT
PROCESSOR_IDENTIFIER=Intel64 Family 6 Model 142 Stepping 10, GenuineIntel



---------------  S Y S T E M  ---------------

OS: Windows 10.0 , 64 bit Build 19041 (10.0.19041.292)

CPU:total 8 (initial active 8) (4 cores per cpu, 2 threads per core) family 6 model 142 stepping 10, cmov, cx8, fxsr, mmx, sse, sse2, sse3, ssse3, sse4.1, sse4.2, popcnt, avx, avx2, aes, clmul, erms, 3dnowpref, lzcnt, ht, tsc, tscinvbit, bmi1, bmi2, adx

Memory: 4k page, physical 8283772k(1370064k free), swap 12189308k(5860k free)

vm_info: OpenJDK 64-Bit Server VM (25.242-b01) for windows-amd64 JRE (1.8.0_242-release-1644-b01), built by "builder" with MS VC++ 10.0 (VS2010)

time: Wed Aug 25 23:31:31 2021
timezone: Hora est. Pacífico, Sudamérica
elapsed time: 3 seconds (0d 0h 0m 3s)

