#
# There is insufficient memory for the Java Runtime Environment to continue.
# Native memory allocation (malloc) failed to allocate 1048576 bytes for AllocateHeap
# Possible reasons:
#   The system is out of physical RAM or swap space
#   The process is running with CompressedOops enabled, and the Java Heap may be blocking the growth of the native heap
# Possible solutions:
#   Reduce memory load on the system
#   Increase physical memory or swap space
#   Check if swap backing store is full
#   Decrease Java heap size (-Xmx/-Xms)
#   Decrease number of Java threads
#   Decrease Java thread stack sizes (-Xss)
#   Set larger code cache with -XX:ReservedCodeCacheSize=
#   JVM is running with Unscaled Compressed Oops mode in which the Java heap is
#     placed in the first 4GB address space. The Java Heap base address is the
#     maximum limit for the native heap growth. Please use -XX:HeapBaseMinAddress
#     to set the Java Heap base and to place the Java Heap above 4GB virtual address.
# This output file may be truncated or incomplete.
#
#  Out of Memory Error (memory/allocation.inline.hpp:61), pid=5068, tid=0x0000000000003b10
#
# JRE version:  (8.0_242-b01) (build )
# Java VM: OpenJDK 64-Bit Server VM (25.242-b01 mixed mode windows-amd64 compressed oops)
# Failed to write core dump. Minidumps are not enabled by default on client versions of Windows
#

---------------  T H R E A D  ---------------

Current thread (0x0000000002453000):  JavaThread "Unknown thread" [_thread_in_vm, id=15120, stack(0x0000000002350000,0x0000000002450000)]

Stack: [0x0000000002350000,0x0000000002450000]
[error occurred during error reporting (printing stack bounds), id 0xc0000005]

Native frames: (J=compiled Java code, j=interpreted, Vv=VM code, C=native code)


---------------  P R O C E S S  ---------------

Java Threads: ( => current thread )

Other Threads:

=>0x0000000002453000 (exited) JavaThread "Unknown thread" [_thread_in_vm, id=15120, stack(0x0000000002350000,0x0000000002450000)]

VM state:not at safepoint (normal execution)

VM Mutex/Monitor currently owned by a thread: None

heap address: 0x0000000081800000, size: 2024 MB, Compressed Oops mode: 32-bit
Narrow klass base: 0x0000000000000000, Narrow klass shift: 3
Compressed class space size: 1073741824 Address: 0x0000000100000000

Heap:
 PSYoungGen      total 38400K, used 665K [0x00000000d5d80000, 0x00000000d8800000, 0x0000000100000000)
  eden space 33280K, 2% used [0x00000000d5d80000,0x00000000d5e26670,0x00000000d7e00000)
  from space 5120K, 0% used [0x00000000d8300000,0x00000000d8300000,0x00000000d8800000)
  to   space 5120K, 0% used [0x00000000d7e00000,0x00000000d7e00000,0x00000000d8300000)
 ParOldGen       total 87552K, used 0K [0x0000000081800000, 0x0000000086d80000, 0x00000000d5d80000)
  object space 87552K, 0% used [0x0000000081800000,0x0000000081800000,0x0000000086d80000)
 Metaspace       used 779K, capacity 4480K, committed 4480K, reserved 1056768K
  class space    used 74K, capacity 384K, committed 384K, reserved 1048576K

Card table byte_map: [0x0000000011910000,0x0000000011d10000] byte_map_base: 0x0000000011504000

Marking Bits: (ParMarkBitMap*) 0x0000000074a7f030
 Begin Bits: [0x00000000127c0000, 0x0000000014760000)
 End Bits:   [0x0000000014760000, 0x0000000016700000)

Polling page: 0x00000000005b0000

CodeCache: size=245760Kb used=328Kb max_used=328Kb free=245431Kb
 bounds [0x0000000002550000, 0x00000000027c0000, 0x0000000011550000]
 total_blobs=57 nmethods=0 adapters=38
 compilation: enabled

Compilation events (0 events):
No events

GC Heap History (0 events):
No events

Deoptimization events (0 events):
No events

Classes redefined (0 events):
No events

Internal exceptions (0 events):
No events

Events (10 events):
Event: 0.170 loading class java/lang/Short
Event: 0.170 loading class java/lang/Short done
Event: 0.170 loading class java/lang/Integer
Event: 0.171 loading class java/lang/Integer done
Event: 0.171 loading class java/lang/Long
Event: 0.171 loading class java/lang/Long done
Event: 0.171 loading class java/lang/NullPointerException
Event: 0.171 loading class java/lang/NullPointerException done
Event: 0.171 loading class java/lang/ArithmeticException
Event: 0.171 loading class java/lang/ArithmeticException done


Dynamic libraries:
0x00007ff65f060000 - 0x00007ff65f091000 	C:\Program Files\Android\Android Studio\jre\jre\bin\java.exe
0x00007ffd1bd70000 - 0x00007ffd1bf64000 	C:\WINDOWS\SYSTEM32\ntdll.dll
0x00007ffd1a490000 - 0x00007ffd1a54d000 	C:\WINDOWS\System32\KERNEL32.DLL
0x00007ffd194c0000 - 0x00007ffd19787000 	C:\WINDOWS\System32\KERNELBASE.dll
0x00007ffd19ff0000 - 0x00007ffd1a09a000 	C:\WINDOWS\System32\ADVAPI32.dll
0x00007ffd1a130000 - 0x00007ffd1a1ce000 	C:\WINDOWS\System32\msvcrt.dll
0x00007ffd1aff0000 - 0x00007ffd1b08b000 	C:\WINDOWS\System32\sechost.dll
0x00007ffd1b190000 - 0x00007ffd1b2b3000 	C:\WINDOWS\System32\RPCRT4.dll
0x00007ffd1a2f0000 - 0x00007ffd1a490000 	C:\WINDOWS\System32\USER32.dll
0x00007ffd19b20000 - 0x00007ffd19b42000 	C:\WINDOWS\System32\win32u.dll
0x00007ffd1bc00000 - 0x00007ffd1bc2a000 	C:\WINDOWS\System32\GDI32.dll
0x00007ffd19bd0000 - 0x00007ffd19cda000 	C:\WINDOWS\System32\gdi32full.dll
0x00007ffd19a30000 - 0x00007ffd19acd000 	C:\WINDOWS\System32\msvcp_win.dll
0x00007ffd19ce0000 - 0x00007ffd19de0000 	C:\WINDOWS\System32\ucrtbase.dll
0x00007ffcf63a0000 - 0x00007ffcf663a000 	C:\WINDOWS\WinSxS\amd64_microsoft.windows.common-controls_6595b64144ccf1df_6.0.19041.1_none_b555e41d4684ddec\COMCTL32.dll
0x00007ffd1bc30000 - 0x00007ffd1bc60000 	C:\WINDOWS\System32\IMM32.DLL
0x0000000074120000 - 0x00000000741f2000 	C:\Program Files\Android\Android Studio\jre\jre\bin\msvcr100.dll
0x00000000742b0000 - 0x0000000074afb000 	C:\Program Files\Android\Android Studio\jre\jre\bin\server\jvm.dll
0x00007ffd1b180000 - 0x00007ffd1b188000 	C:\WINDOWS\System32\PSAPI.DLL
0x00007ffcfd630000 - 0x00007ffcfd657000 	C:\WINDOWS\SYSTEM32\WINMM.dll
0x00007ffd0b8c0000 - 0x00007ffd0b8ca000 	C:\WINDOWS\SYSTEM32\VERSION.dll
0x00007ffd03530000 - 0x00007ffd03539000 	C:\WINDOWS\SYSTEM32\WSOCK32.dll
0x00007ffd1b090000 - 0x00007ffd1b0fb000 	C:\WINDOWS\System32\WS2_32.dll
0x00007ffd07d60000 - 0x00007ffd07d6f000 	C:\Program Files\Android\Android Studio\jre\jre\bin\verify.dll
0x00007ffd036f0000 - 0x00007ffd03719000 	C:\Program Files\Android\Android Studio\jre\jre\bin\java.dll
0x00007ffd00140000 - 0x00007ffd00156000 	C:\Program Files\Android\Android Studio\jre\jre\bin\zip.dll

VM Arguments:
java_command: org.jetbrains.git4idea.http.GitAskPassApp Username for 'https://github.com': 
java_class_path (initial): C:/Program Files/Android/Android Studio/plugins/git4idea/lib/git4idea-rt.jar;C:/Program Files/Android/Android Studio/lib/xmlrpc-2.0.1.jar;C:/Program Files/Android/Android Studio/lib/commons-codec-1.14.jar;C:/Program Files/Android/Android Studio/lib/util.jar
Launcher Type: SUN_STANDARD

Environment Variables:
PATH=C:/Program Files/Git/mingw64/libexec/git-core;C:/Program Files/Git/mingw64/libexec/git-core;C:\Program Files\Git\mingw64\bin;C:\Program Files\Git\usr\bin;C:\Users\carlo\bin;C:\Python39\Scripts\;C:\Python39\;C:\Program Files (x86)\Common Files\Oracle\Java\javapath;C:\WINDOWS\system32;C:\WINDOWS;C:\WINDOWS\System32\Wbem;C:\WINDOWS\System32\WindowsPowerShell\v1.0\;C:\WINDOWS\System32\OpenSSH\;C:\Program Files\Microsoft SQL Server\Client SDK\ODBC\130\Tools\Binn\;C:\Program Files (x86)\Microsoft SQL Server\150\DTS\Binn\;C:\Program Files (x86)\Windows Kits\10\Windows Performance Toolkit\;C:\Program Files\Microsoft SQL Server\Client SDK\ODBC\170\Tools\Binn\;C:\Program Files (x86)\Microsoft SQL Server\150\Tools\Binn\;C:\Program Files\Microsoft SQL Server\150\Tools\Binn\;C:\Program Files\Microsoft SQL Server\150\DTS\Binn\;C:\Program Files\Git\cmd;C:\Program Files\dotnet\;C:\Program Files\Microsoft SQL Server\130\Tools\Binn\;C:\Program Files (x86)\dotnet\;C:\xampp\php;C:\composer;C:\Program Files\nodejs\;C:\ProgramData\chocolatey\bin;C:\Users\carlo\AppData\Local\Programs\Python\Python38-32\Scripts\;C:\Users\carlo\AppData\Local\Programs\Python\Python38-32\;C:\Users\carlo\AppData\Local\Microsoft\WindowsApps;C:\Users\carlo\AppData\Roaming\Dashlane\6.2007.0.32704\bin\Firefox_Extension\{442718d9-475e-452a-b3e1-fb1ee16b8e9f}\components;C:\Users\carlo\AppData\Roaming\Dashlane\6.2007.0.32704\ucrt;C:\Users\carlo\AppData\Roaming\Dashlane\6.2007.0.32704\bin\Qt;C:\Users\carlo\AppData\Roaming\Dashlane\6.2007.0.32704\bin\Ssl;C:\Users\carlo\AppData\Local\Programs\Microsoft VS Code\bin;C:\sqlite3\sqlite-tools-win32-x86-3330000;C:\Users\carlo\AppData\Roaming\Composer\vendor\bin;C:\xampp\php;C:\Users\carlo\.dotnet\tools;C:\Users\carlo\AppData\Roaming\npm
USERNAME=Carlos Ivan Almeida
DISPLAY=:0.0
OS=Windows_NT
PROCESSOR_IDENTIFIER=Intel64 Family 6 Model 142 Stepping 10, GenuineIntel



---------------  S Y S T E M  ---------------

OS: Windows 10.0 , 64 bit Build 19041 (10.0.19041.292)

CPU:total 8 (initial active 8) (4 cores per cpu, 2 threads per core) family 6 model 142 stepping 10, cmov, cx8, fxsr, mmx, sse, sse2, sse3, ssse3, sse4.1, sse4.2, popcnt, avx, avx2, aes, clmul, erms, 3dnowpref, lzcnt, ht, tsc, tscinvbit, bmi1, bmi2, adx

Memory: 4k page, physical 8283772k(990496k free), swap 12189308k(13080k free)

vm_info: OpenJDK 64-Bit Server VM (25.242-b01) for windows-amd64 JRE (1.8.0_242-release-1644-b01), built by "builder" with MS VC++ 10.0 (VS2010)

time: Mon Aug 16 11:57:43 2021
timezone: Hora est. Pacífico, Sudamérica
elapsed time: 0 seconds (0d 0h 0m 0s)

