#
# There is insufficient memory for the Java Runtime Environment to continue.
# Native memory allocation (malloc) failed to allocate 1733456 bytes for Chunk::new
# Possible reasons:
#   The system is out of physical RAM or swap space
#   The process is running with CompressedOops enabled, and the Java Heap may be blocking the growth of the native heap
# Possible solutions:
#   Reduce memory load on the system
#   Increase physical memory or swap space
#   Check if swap backing store is full
#   Decrease Java heap size (-Xmx/-Xms)
#   Decrease number of Java threads
#   Decrease Java thread stack sizes (-Xss)
#   Set larger code cache with -XX:ReservedCodeCacheSize=
#   JVM is running with Unscaled Compressed Oops mode in which the Java heap is
#     placed in the first 4GB address space. The Java Heap base address is the
#     maximum limit for the native heap growth. Please use -XX:HeapBaseMinAddress
#     to set the Java Heap base and to place the Java Heap above 4GB virtual address.
# This output file may be truncated or incomplete.
#
#  Out of Memory Error (allocation.cpp:389), pid=10128, tid=0x0000000000003ab0
#
# JRE version: OpenJDK Runtime Environment (8.0_242-b01) (build 1.8.0_242-release-1644-b01)
# Java VM: OpenJDK 64-Bit Server VM (25.242-b01 mixed mode windows-amd64 compressed oops)
# Failed to write core dump. Minidumps are not enabled by default on client versions of Windows
#

---------------  T H R E A D  ---------------

Current thread (0x00000000198da000):  JavaThread "C2 CompilerThread1" daemon [_thread_in_native, id=15024, stack(0x000000001a2f0000,0x000000001a3f0000)]

Stack: [0x000000001a2f0000,0x000000001a3f0000]
[error occurred during error reporting (printing stack bounds), id 0xc0000005]

Native frames: (J=compiled Java code, j=interpreted, Vv=VM code, C=native code)


Current CompileTask:
C2:   4080 2664       4       groovy.lang.MetaClassImpl$1MOPIter::methodNameAction (325 bytes)


---------------  P R O C E S S  ---------------

Java Threads: ( => current thread )
  0x000000002227c000 JavaThread "jar transforms Thread 92" [_thread_blocked, id=13768, stack(0x000000002a760000,0x000000002a860000)]
  0x00000000221ca000 JavaThread "jar transforms Thread 91" [_thread_blocked, id=9980, stack(0x000000002a660000,0x000000002a760000)]
  0x00000000221cc000 JavaThread "jar transforms Thread 90" [_thread_blocked, id=7468, stack(0x000000002a560000,0x000000002a660000)]
  0x00000000221cb800 JavaThread "jar transforms Thread 89" [_thread_blocked, id=14484, stack(0x000000002a460000,0x000000002a560000)]
  0x00000000221ca800 JavaThread "jar transforms Thread 88" [_thread_blocked, id=3108, stack(0x000000002a360000,0x000000002a460000)]
  0x00000000221c3000 JavaThread "jar transforms Thread 87" [_thread_blocked, id=6592, stack(0x000000002a260000,0x000000002a360000)]
  0x00000000221c8800 JavaThread "jar transforms Thread 86" [_thread_blocked, id=14104, stack(0x000000002a160000,0x000000002a260000)]
  0x00000000221c9000 JavaThread "jar transforms Thread 85" [_thread_blocked, id=12596, stack(0x000000002a060000,0x000000002a160000)]
  0x00000000221c1000 JavaThread "jar transforms Thread 84" [_thread_blocked, id=4332, stack(0x0000000029f60000,0x000000002a060000)]
  0x00000000221c7800 JavaThread "jar transforms Thread 83" [_thread_blocked, id=14224, stack(0x0000000029e60000,0x0000000029f60000)]
  0x00000000221c0000 JavaThread "jar transforms Thread 82" [_thread_blocked, id=3340, stack(0x0000000029d60000,0x0000000029e60000)]
  0x00000000221c7000 JavaThread "jar transforms Thread 81" [_thread_blocked, id=5272, stack(0x0000000029c60000,0x0000000029d60000)]
  0x00000000221c5800 JavaThread "jar transforms Thread 80" [_thread_blocked, id=10392, stack(0x0000000029b60000,0x0000000029c60000)]
  0x00000000221c1800 JavaThread "jar transforms Thread 79" [_thread_blocked, id=2028, stack(0x0000000029a60000,0x0000000029b60000)]
  0x00000000221c4800 JavaThread "jar transforms Thread 78" [_thread_blocked, id=9344, stack(0x0000000029960000,0x0000000029a60000)]
  0x00000000221c6000 JavaThread "jar transforms Thread 77" [_thread_blocked, id=6800, stack(0x0000000029860000,0x0000000029960000)]
  0x00000000221bd000 JavaThread "jar transforms Thread 76" [_thread_blocked, id=14488, stack(0x0000000029760000,0x0000000029860000)]
  0x00000000221c4000 JavaThread "jar transforms Thread 75" [_thread_blocked, id=15088, stack(0x0000000029660000,0x0000000029760000)]
  0x00000000221be000 JavaThread "jar transforms Thread 74" [_thread_blocked, id=3724, stack(0x0000000029560000,0x0000000029660000)]
  0x00000000221be800 JavaThread "jar transforms Thread 73" [_thread_blocked, id=12824, stack(0x0000000028eb0000,0x0000000028fb0000)]
  0x00000000221c2800 JavaThread "jar transforms Thread 72" [_thread_blocked, id=9784, stack(0x0000000029460000,0x0000000029560000)]
  0x00000000221bf800 JavaThread "jar transforms Thread 71" [_thread_blocked, id=6692, stack(0x0000000029360000,0x0000000029460000)]
  0x0000000021c56000 JavaThread "jar transforms Thread 70" [_thread_blocked, id=4148, stack(0x0000000029260000,0x0000000029360000)]
  0x0000000021c55000 JavaThread "jar transforms Thread 69" [_thread_blocked, id=9824, stack(0x0000000029160000,0x0000000029260000)]
  0x0000000021c53800 JavaThread "jar transforms Thread 68" [_thread_blocked, id=11828, stack(0x0000000029060000,0x0000000029160000)]
  0x0000000021c54800 JavaThread "jar transforms Thread 67" [_thread_blocked, id=4692, stack(0x0000000028db0000,0x0000000028eb0000)]
  0x0000000021c56800 JavaThread "jar transforms Thread 66" [_thread_blocked, id=9080, stack(0x0000000028cb0000,0x0000000028db0000)]
  0x0000000021c53000 JavaThread "jar transforms Thread 65" [_thread_blocked, id=5100, stack(0x0000000028bb0000,0x0000000028cb0000)]
  0x0000000021c4b000 JavaThread "jar transforms Thread 64" [_thread_blocked, id=15164, stack(0x0000000028ab0000,0x0000000028bb0000)]
  0x0000000021c52000 JavaThread "jar transforms Thread 63" [_thread_blocked, id=11512, stack(0x00000000289b0000,0x0000000028ab0000)]
  0x0000000021c51000 JavaThread "jar transforms Thread 62" [_thread_blocked, id=12068, stack(0x00000000288b0000,0x00000000289b0000)]
  0x0000000021c50800 JavaThread "jar transforms Thread 61" [_thread_blocked, id=10348, stack(0x00000000287b0000,0x00000000288b0000)]
  0x0000000021c4f800 JavaThread "jar transforms Thread 60" [_thread_blocked, id=12036, stack(0x00000000286b0000,0x00000000287b0000)]
  0x0000000021c4f000 JavaThread "jar transforms Thread 59" [_thread_blocked, id=14648, stack(0x00000000285b0000,0x00000000286b0000)]
  0x0000000021c49000 JavaThread "jar transforms Thread 58" [_thread_blocked, id=15160, stack(0x00000000284b0000,0x00000000285b0000)]
  0x0000000021c47800 JavaThread "jar transforms Thread 57" [_thread_blocked, id=13612, stack(0x00000000283b0000,0x00000000284b0000)]
  0x0000000021c49800 JavaThread "jar transforms Thread 56" [_thread_blocked, id=14980, stack(0x00000000282b0000,0x00000000283b0000)]
  0x0000000021c4e000 JavaThread "jar transforms Thread 55" [_thread_blocked, id=15192, stack(0x00000000281b0000,0x00000000282b0000)]
  0x0000000021c4d800 JavaThread "jar transforms Thread 54" [_thread_blocked, id=6092, stack(0x00000000280b0000,0x00000000281b0000)]
  0x0000000021c4c000 JavaThread "jar transforms Thread 53" [_thread_blocked, id=7680, stack(0x0000000027fb0000,0x00000000280b0000)]
  0x0000000021c48000 JavaThread "jar transforms Thread 52" [_thread_blocked, id=10460, stack(0x0000000027eb0000,0x0000000027fb0000)]
  0x0000000021c4a800 JavaThread "jar transforms Thread 51" [_thread_blocked, id=15120, stack(0x0000000027db0000,0x0000000027eb0000)]
  0x0000000021c4c800 JavaThread "jar transforms Thread 50" [_thread_blocked, id=14932, stack(0x0000000027cb0000,0x0000000027db0000)]
  0x000000001cccd000 JavaThread "jar transforms Thread 49" [_thread_blocked, id=11856, stack(0x0000000027bb0000,0x0000000027cb0000)]
  0x000000001cccf000 JavaThread "jar transforms Thread 48" [_thread_blocked, id=4556, stack(0x0000000027ab0000,0x0000000027bb0000)]
  0x000000001ccc8800 JavaThread "jar transforms Thread 47" [_thread_blocked, id=2312, stack(0x00000000279b0000,0x0000000027ab0000)]
  0x000000001ccca000 JavaThread "jar transforms Thread 46" [_thread_blocked, id=676, stack(0x00000000278b0000,0x00000000279b0000)]
  0x000000001cccd800 JavaThread "jar transforms Thread 45" [_thread_blocked, id=10960, stack(0x00000000277b0000,0x00000000278b0000)]
  0x000000001ccc9000 JavaThread "jar transforms Thread 44" [_thread_blocked, id=2288, stack(0x00000000276b0000,0x00000000277b0000)]
  0x000000001ccce800 JavaThread "jar transforms Thread 43" [_thread_blocked, id=2732, stack(0x00000000275b0000,0x00000000276b0000)]
  0x000000001ccca800 JavaThread "jar transforms Thread 42" [_thread_blocked, id=2304, stack(0x00000000274b0000,0x00000000275b0000)]
  0x000000001ccc7800 JavaThread "jar transforms Thread 41" [_thread_blocked, id=13044, stack(0x00000000273b0000,0x00000000274b0000)]
  0x000000001cccc000 JavaThread "jar transforms Thread 40" [_thread_blocked, id=12236, stack(0x00000000272b0000,0x00000000273b0000)]
  0x000000001cccb800 JavaThread "jar transforms Thread 39" [_thread_blocked, id=3244, stack(0x00000000271b0000,0x00000000272b0000)]
  0x000000001ccc0000 JavaThread "jar transforms Thread 38" [_thread_blocked, id=14900, stack(0x00000000270b0000,0x00000000271b0000)]
  0x000000001ccc3000 JavaThread "jar transforms Thread 37" [_thread_blocked, id=432, stack(0x0000000026fb0000,0x00000000270b0000)]
  0x000000001ccc5800 JavaThread "jar transforms Thread 36" [_thread_blocked, id=3644, stack(0x0000000026eb0000,0x0000000026fb0000)]
  0x000000001ccc4800 JavaThread "jar transforms Thread 35" [_thread_blocked, id=11088, stack(0x0000000026db0000,0x0000000026eb0000)]
  0x000000001ccc4000 JavaThread "jar transforms Thread 34" [_thread_blocked, id=9576, stack(0x0000000026cb0000,0x0000000026db0000)]
  0x000000001ccc7000 JavaThread "jar transforms Thread 33" [_thread_blocked, id=10192, stack(0x0000000026bb0000,0x0000000026cb0000)]
  0x000000001ccc2800 JavaThread "jar transforms Thread 32" [_thread_blocked, id=13576, stack(0x0000000026ab0000,0x0000000026bb0000)]
  0x000000001ccc6000 JavaThread "jar transforms Thread 31" [_thread_blocked, id=8836, stack(0x00000000269b0000,0x0000000026ab0000)]
  0x000000001ccc1000 JavaThread "jar transforms Thread 30" [_thread_blocked, id=3580, stack(0x00000000268b0000,0x00000000269b0000)]
  0x000000001ccc1800 JavaThread "jar transforms Thread 29" [_thread_blocked, id=1420, stack(0x00000000267b0000,0x00000000268b0000)]
  0x00000000233e1800 JavaThread "jar transforms Thread 28" [_thread_blocked, id=11560, stack(0x0000000026310000,0x0000000026410000)]
  0x00000000233e2800 JavaThread "jar transforms Thread 27" [_thread_blocked, id=11552, stack(0x00000000266b0000,0x00000000267b0000)]
  0x00000000233e0000 JavaThread "jar transforms Thread 26" [_thread_blocked, id=13592, stack(0x00000000265b0000,0x00000000266b0000)]
  0x00000000233df800 JavaThread "jar transforms Thread 25" [_thread_blocked, id=8848, stack(0x00000000264b0000,0x00000000265b0000)]
  0x00000000233de800 JavaThread "jar transforms Thread 24" [_thread_blocked, id=4864, stack(0x0000000026210000,0x0000000026310000)]
  0x00000000233e3000 JavaThread "jar transforms Thread 23" [_thread_blocked, id=4384, stack(0x0000000026110000,0x0000000026210000)]
  0x00000000233de000 JavaThread "jar transforms Thread 22" [_thread_blocked, id=3948, stack(0x0000000026010000,0x0000000026110000)]
  0x00000000233e1000 JavaThread "jar transforms Thread 21" [_thread_blocked, id=3296, stack(0x0000000025f10000,0x0000000026010000)]
  0x00000000233dd000 JavaThread "jar transforms Thread 20" [_thread_blocked, id=13316, stack(0x0000000025e10000,0x0000000025f10000)]
  0x00000000233d5800 JavaThread "jar transforms Thread 19" [_thread_blocked, id=13636, stack(0x0000000025d10000,0x0000000025e10000)]
  0x00000000233db800 JavaThread "jar transforms Thread 18" [_thread_blocked, id=580, stack(0x0000000025c10000,0x0000000025d10000)]
  0x00000000233dc800 JavaThread "jar transforms Thread 17" [_thread_blocked, id=12860, stack(0x0000000025b10000,0x0000000025c10000)]
  0x00000000233d7000 JavaThread "jar transforms Thread 16" [_thread_blocked, id=14448, stack(0x0000000025a10000,0x0000000025b10000)]
  0x00000000233d9800 JavaThread "jar transforms Thread 15" [_thread_blocked, id=12212, stack(0x0000000025910000,0x0000000025a10000)]
  0x00000000233d8800 JavaThread "jar transforms Thread 14" [_thread_blocked, id=8328, stack(0x0000000025810000,0x0000000025910000)]
  0x00000000233da000 JavaThread "jar transforms Thread 13" [_thread_blocked, id=9292, stack(0x0000000025710000,0x0000000025810000)]
  0x00000000233db000 JavaThread "jar transforms Thread 12" [_thread_blocked, id=7564, stack(0x0000000025610000,0x0000000025710000)]
  0x00000000233d5000 JavaThread "jar transforms Thread 11" [_thread_blocked, id=13372, stack(0x0000000025510000,0x0000000025610000)]
  0x00000000233d8000 JavaThread "jar transforms Thread 10" [_thread_blocked, id=12476, stack(0x0000000025410000,0x0000000025510000)]
  0x00000000233d6800 JavaThread "jar transforms Thread 9" [_thread_blocked, id=12944, stack(0x0000000025310000,0x0000000025410000)]
  0x00000000233d4000 JavaThread "jar transforms Thread 8" [_thread_blocked, id=4504, stack(0x0000000025210000,0x0000000025310000)]
  0x000000001cf0a000 JavaThread "jar transforms Thread 7" [_thread_blocked, id=13068, stack(0x0000000025110000,0x0000000025210000)]
  0x000000001cf0b000 JavaThread "jar transforms Thread 6" [_thread_blocked, id=11180, stack(0x0000000025010000,0x0000000025110000)]
  0x000000001cf09800 JavaThread "jar transforms Thread 5" [_thread_blocked, id=8532, stack(0x0000000024f10000,0x0000000025010000)]
  0x000000001cf08800 JavaThread "jar transforms Thread 4" [_thread_blocked, id=3288, stack(0x0000000024e10000,0x0000000024f10000)]
  0x000000001cf08000 JavaThread "jar transforms Thread 3" [_thread_blocked, id=8892, stack(0x0000000024d10000,0x0000000024e10000)]
  0x000000001cf06800 JavaThread "jar transforms Thread 2" [_thread_blocked, id=444, stack(0x0000000024c10000,0x0000000024d10000)]
  0x000000001cf07000 JavaThread "Build operations Thread 8" [_thread_blocked, id=2212, stack(0x0000000024b10000,0x0000000024c10000)]
  0x000000001cefe800 JavaThread "Build operations Thread 7" [_thread_blocked, id=13220, stack(0x0000000024a10000,0x0000000024b10000)]
  0x000000001cf05800 JavaThread "Build operations Thread 6" [_thread_blocked, id=12392, stack(0x0000000024910000,0x0000000024a10000)]
  0x000000001cefe000 JavaThread "Build operations Thread 5" [_thread_blocked, id=3224, stack(0x0000000024810000,0x0000000024910000)]
  0x000000001cf03800 JavaThread "Build operations Thread 4" [_thread_blocked, id=11504, stack(0x0000000024710000,0x0000000024810000)]
  0x000000001cf05000 JavaThread "Build operations Thread 3" [_thread_blocked, id=6976, stack(0x0000000024610000,0x0000000024710000)]
  0x000000001cf04000 JavaThread "Build operations Thread 2" [_thread_blocked, id=5444, stack(0x0000000024510000,0x0000000024610000)]
  0x000000001cefb800 JavaThread "Build operations" [_thread_blocked, id=408, stack(0x0000000024410000,0x0000000024510000)]
  0x000000001cf02800 JavaThread "Cache worker for file content cache (C:\Users\carlo\.gradle\caches\6.5\fileContent)" [_thread_blocked, id=8724, stack(0x0000000022d40000,0x0000000022e40000)]
  0x000000001cf00800 JavaThread "jar transforms" [_thread_blocked, id=14864, stack(0x0000000022c40000,0x0000000022d40000)]
  0x00000000198de000 JavaThread "Cache worker for execution history cache (C:\Users\carlo\.gradle\caches\6.5\executionHistory)" [_thread_blocked, id=13696, stack(0x0000000022540000,0x0000000022640000)]
  0x00000000198dc800 JavaThread "Cache worker for cache directory md-rule (C:\Users\carlo\.gradle\caches\6.5\md-rule)" [_thread_blocked, id=8672, stack(0x0000000022440000,0x0000000022540000)]
  0x00000000198d9800 JavaThread "Cache worker for cache directory md-supplier (C:\Users\carlo\.gradle\caches\6.5\md-supplier)" [_thread_blocked, id=508, stack(0x0000000022340000,0x0000000022440000)]
  0x00000000198d8800 JavaThread "Cache worker for checksums cache (C:\Users\carlo\AndroidStudioProjects\AppMovil_Security\.gradle\checksums)" [_thread_blocked, id=2964, stack(0x0000000021190000,0x0000000021290000)]
  0x00000000198dd000 JavaThread "Cache worker for file hash cache (C:\Users\carlo\AndroidStudioProjects\AppMovil_Security\.gradle\6.5\fileHashes)" [_thread_blocked, id=15284, stack(0x0000000020e90000,0x0000000020f90000)]
  0x00000000198db800 JavaThread "Cache worker for file hash cache (C:\Users\carlo\.gradle\caches\6.5\fileHashes)" [_thread_blocked, id=4776, stack(0x000000001e940000,0x000000001ea40000)]
  0x00000000198db000 JavaThread "File lock request listener" [_thread_in_native, id=10028, stack(0x000000001e840000,0x000000001e940000)]
  0x000000001c69c800 JavaThread "Cache worker for journal cache (C:\Users\carlo\.gradle\caches\journal-1)" [_thread_blocked, id=5804, stack(0x000000001e740000,0x000000001e840000)]
  0x000000001c4f0800 JavaThread "Thread-9" [_thread_blocked, id=10536, stack(0x000000001e440000,0x000000001e540000)]
  0x000000001c4d6800 JavaThread "Stdin handler" [_thread_blocked, id=6568, stack(0x000000001e340000,0x000000001e440000)]
  0x000000001c4d5000 JavaThread "Asynchronous log dispatcher for DefaultDaemonConnection: socket connection from /127.0.0.1:1358 to /127.0.0.1:1359" [_thread_blocked, id=4456, stack(0x000000001e240000,0x000000001e340000)]
  0x000000001c4c9800 JavaThread "Daemon worker" [_thread_in_vm, id=10520, stack(0x000000001e140000,0x000000001e240000)]
  0x000000001c4c7800 JavaThread "Cancel handler" [_thread_blocked, id=6384, stack(0x000000001df40000,0x000000001e040000)]
  0x000000001c414000 JavaThread "Handler for socket connection from /127.0.0.1:1358 to /127.0.0.1:1359" [_thread_in_native, id=11808, stack(0x000000001de40000,0x000000001df40000)]
  0x000000001c411800 JavaThread "Daemon" [_thread_blocked, id=4916, stack(0x000000001dd40000,0x000000001de40000)]
  0x000000001c416800 JavaThread "Daemon periodic checks" [_thread_blocked, id=3376, stack(0x000000001da40000,0x000000001db40000)]
  0x000000001c3f8800 JavaThread "Incoming local TCP Connector on port 1358" [_thread_in_native, id=1920, stack(0x000000001d7d0000,0x000000001d8d0000)]
  0x0000000019a58000 JavaThread "Daemon health stats" [_thread_blocked, id=11908, stack(0x000000001d190000,0x000000001d290000)]
  0x0000000019907800 JavaThread "Service Thread" daemon [_thread_blocked, id=13688, stack(0x000000001a5f0000,0x000000001a6f0000)]
  0x00000000198d8000 JavaThread "C1 CompilerThread3" daemon [_thread_in_native, id=9168, stack(0x000000001a4f0000,0x000000001a5f0000)]
  0x00000000198de800 JavaThread "C2 CompilerThread2" daemon [_thread_blocked, id=7760, stack(0x000000001a3f0000,0x000000001a4f0000)]
=>0x00000000198da000 JavaThread "C2 CompilerThread1" daemon [_thread_in_native, id=15024, stack(0x000000001a2f0000,0x000000001a3f0000)]
  0x00000000198d5000 JavaThread "C2 CompilerThread0" daemon [_thread_in_native, id=1832, stack(0x000000001a1f0000,0x000000001a2f0000)]
  0x00000000198cf000 JavaThread "Attach Listener" daemon [_thread_blocked, id=3140, stack(0x000000001a0f0000,0x000000001a1f0000)]
  0x00000000198ce000 JavaThread "Signal Dispatcher" daemon [_thread_blocked, id=3316, stack(0x0000000019ff0000,0x000000001a0f0000)]
  0x00000000198c0800 JavaThread "Finalizer" daemon [_thread_blocked, id=7984, stack(0x0000000019da0000,0x0000000019ea0000)]
  0x0000000017adc000 JavaThread "Reference Handler" daemon [_thread_blocked, id=14396, stack(0x0000000019ca0000,0x0000000019da0000)]
  0x0000000002972800 JavaThread "main" [_thread_blocked, id=8436, stack(0x0000000002860000,0x0000000002960000)]

Other Threads:
  0x0000000017ad7800 VMThread [stack: 0x00000000197a0000,0x00000000198a0000] [id=8712]
  0x0000000019908000 WatcherThread [stack: 0x000000001a6f0000,0x000000001a7f0000] [id=15056]

VM state:not at safepoint (normal execution)

VM Mutex/Monitor currently owned by a thread:  ([mutex/lock_event])
[0x000000000107dbc0] SystemDictionary_lock - owner thread: 0x0000000000000000

OutOfMemory and StackOverflow Exception counts:
OutOfMemoryError java_heap_errors=5

heap address: 0x0000000080000000, size: 2048 MB, Compressed Oops mode: 32-bit
Narrow klass base: 0x0000000000000000, Narrow klass shift: 3
Compressed class space size: 1073741824 Address: 0x0000000100000000

Heap:
 PSYoungGen      total 71680K, used 12570K [0x00000000d5580000, 0x00000000da080000, 0x0000000100000000)
  eden space 66560K, 11% used [0x00000000d5580000,0x00000000d5d21070,0x00000000d9680000)
  from space 5120K, 92% used [0x00000000d9680000,0x00000000d9b25a60,0x00000000d9b80000)
  to   space 5120K, 0% used [0x00000000d9b80000,0x00000000d9b80000,0x00000000da080000)
 ParOldGen       total 57856K, used 14703K [0x0000000080000000, 0x0000000083880000, 0x00000000d5580000)
  object space 57856K, 25% used [0x0000000080000000,0x0000000080e5bd50,0x0000000083880000)
 Metaspace       used 36455K, capacity 38060K, committed 38184K, reserved 1081344K
  class space    used 5017K, capacity 5331K, committed 5416K, reserved 1048576K

Card table byte_map: [0x0000000011e30000,0x0000000012240000] byte_map_base: 0x0000000011a30000

Marking Bits: (ParMarkBitMap*) 0x000000005bd7f030
 Begin Bits: [0x0000000012cf0000, 0x0000000014cf0000)
 End Bits:   [0x0000000014cf0000, 0x0000000016cf0000)

Polling page: 0x00000000007f0000

CodeCache: size=245760Kb used=12362Kb max_used=12366Kb free=233397Kb
 bounds [0x0000000002a70000, 0x0000000003690000, 0x0000000011a70000]
 total_blobs=4268 nmethods=3565 adapters=615
 compilation: enabled

Compilation events (10 events):
Event: 4.015 Thread 0x00000000198d8000 nmethod 3465 0x0000000003635910 code [0x0000000003635c40, 0x0000000003637878]
Event: 4.015 Thread 0x00000000198d8000 3466       3       org.gradle.internal.snapshot.SnapshotHierarchy$$Lambda$103/61898728::get$Lambda (9 bytes)
Event: 4.016 Thread 0x00000000198d8000 nmethod 3466 0x0000000003633190 code [0x0000000003633300, 0x0000000003633550]
Event: 4.016 Thread 0x00000000198d8000 3467       3       org.gradle.internal.snapshot.SnapshotHierarchy$$Lambda$104/218162566::get$Lambda (9 bytes)
Event: 4.016 Thread 0x00000000198d8000 nmethod 3467 0x0000000003632cd0 code [0x0000000003632e40, 0x0000000003633090]
Event: 4.018 Thread 0x00000000198d8000 3469   !   3       java.util.concurrent.locks.AbstractQueuedSynchronizer::acquireQueued (93 bytes)
Event: 4.019 Thread 0x00000000198d8000 nmethod 3469 0x00000000036385d0 code [0x0000000003638800, 0x0000000003639318]
Event: 4.019 Thread 0x00000000198d8000 3471       3       org.gradle.cache.internal.btree.FileBackedBlockStore$BlockImpl::setPos (34 bytes)
Event: 4.019 Thread 0x00000000198d8000 nmethod 3471 0x0000000003632990 code [0x0000000003632ae0, 0x0000000003632c50]
Event: 4.019 Thread 0x00000000198d8000 3472       3       org.gradle.cache.internal.btree.FileBackedBlockStore$BlockImpl::read (176 bytes)

GC Heap History (10 events):
Event: 2.348 GC heap before
{Heap before GC invocations=6 (full 1):
 PSYoungGen      total 71680K, used 5088K [0x00000000d5580000, 0x00000000da080000, 0x0000000100000000)
  eden space 66560K, 0% used [0x00000000d5580000,0x00000000d5580000,0x00000000d9680000)
  from space 5120K, 99% used [0x00000000d9680000,0x00000000d9b78030,0x00000000d9b80000)
  to   space 5120K, 0% used [0x00000000d9b80000,0x00000000d9b80000,0x00000000da080000)
 ParOldGen       total 87552K, used 11130K [0x0000000080000000, 0x0000000085580000, 0x00000000d5580000)
  object space 87552K, 12% used [0x0000000080000000,0x0000000080adea60,0x0000000085580000)
 Metaspace       used 20569K, capacity 21236K, committed 21296K, reserved 1067008K
  class space    used 2877K, capacity 3080K, committed 3120K, reserved 1048576K
Event: 2.381 GC heap after
Heap after GC invocations=6 (full 1):
 PSYoungGen      total 71680K, used 0K [0x00000000d5580000, 0x00000000da080000, 0x0000000100000000)
  eden space 66560K, 0% used [0x00000000d5580000,0x00000000d5580000,0x00000000d9680000)
  from space 5120K, 0% used [0x00000000d9680000,0x00000000d9680000,0x00000000d9b80000)
  to   space 5120K, 0% used [0x00000000d9b80000,0x00000000d9b80000,0x00000000da080000)
 ParOldGen       total 57856K, used 6849K [0x0000000080000000, 0x0000000083880000, 0x00000000d5580000)
  object space 57856K, 11% used [0x0000000080000000,0x00000000806b0588,0x0000000083880000)
 Metaspace       used 20569K, capacity 21236K, committed 21296K, reserved 1067008K
  class space    used 2877K, capacity 3080K, committed 3120K, reserved 1048576K
}
Event: 2.899 GC heap before
{Heap before GC invocations=7 (full 1):
 PSYoungGen      total 71680K, used 66560K [0x00000000d5580000, 0x00000000da080000, 0x0000000100000000)
  eden space 66560K, 100% used [0x00000000d5580000,0x00000000d9680000,0x00000000d9680000)
  from space 5120K, 0% used [0x00000000d9680000,0x00000000d9680000,0x00000000d9b80000)
  to   space 5120K, 0% used [0x00000000d9b80000,0x00000000d9b80000,0x00000000da080000)
 ParOldGen       total 57856K, used 6849K [0x0000000080000000, 0x0000000083880000, 0x00000000d5580000)
  object space 57856K, 11% used [0x0000000080000000,0x00000000806b05a8,0x0000000083880000)
 Metaspace       used 28665K, capacity 29552K, committed 29872K, reserved 1075200K
  class space    used 3972K, capacity 4224K, committed 4272K, reserved 1048576K
Event: 2.905 GC heap after
Heap after GC invocations=7 (full 1):
 PSYoungGen      total 71680K, used 5094K [0x00000000d5580000, 0x00000000da080000, 0x0000000100000000)
  eden space 66560K, 0% used [0x00000000d5580000,0x00000000d5580000,0x00000000d9680000)
  from space 5120K, 99% used [0x00000000d9b80000,0x00000000da079848,0x00000000da080000)
  to   space 5120K, 0% used [0x00000000d9680000,0x00000000d9680000,0x00000000d9b80000)
 ParOldGen       total 57856K, used 10095K [0x0000000080000000, 0x0000000083880000, 0x00000000d5580000)
  object space 57856K, 17% used [0x0000000080000000,0x00000000809dbf38,0x0000000083880000)
 Metaspace       used 28665K, capacity 29552K, committed 29872K, reserved 1075200K
  class space    used 3972K, capacity 4224K, committed 4272K, reserved 1048576K
}
Event: 3.378 GC heap before
{Heap before GC invocations=8 (full 1):
 PSYoungGen      total 71680K, used 71654K [0x00000000d5580000, 0x00000000da080000, 0x0000000100000000)
  eden space 66560K, 100% used [0x00000000d5580000,0x00000000d9680000,0x00000000d9680000)
  from space 5120K, 99% used [0x00000000d9b80000,0x00000000da079848,0x00000000da080000)
  to   space 5120K, 0% used [0x00000000d9680000,0x00000000d9680000,0x00000000d9b80000)
 ParOldGen       total 57856K, used 10103K [0x0000000080000000, 0x0000000083880000, 0x00000000d5580000)
  object space 57856K, 17% used [0x0000000080000000,0x00000000809ddc88,0x0000000083880000)
 Metaspace       used 32910K, capacity 33992K, committed 34224K, reserved 1079296K
  class space    used 4493K, capacity 4729K, committed 4784K, reserved 1048576K
Event: 3.385 GC heap after
Heap after GC invocations=8 (full 1):
 PSYoungGen      total 71680K, used 5120K [0x00000000d5580000, 0x00000000da080000, 0x0000000100000000)
  eden space 66560K, 0% used [0x00000000d5580000,0x00000000d5580000,0x00000000d9680000)
  from space 5120K, 100% used [0x00000000d9680000,0x00000000d9b80000,0x00000000d9b80000)
  to   space 5120K, 0% used [0x00000000d9b80000,0x00000000d9b80000,0x00000000da080000)
 ParOldGen       total 57856K, used 14124K [0x0000000080000000, 0x0000000083880000, 0x00000000d5580000)
  object space 57856K, 24% used [0x0000000080000000,0x0000000080dcb078,0x0000000083880000)
 Metaspace       used 32910K, capacity 33992K, committed 34224K, reserved 1079296K
  class space    used 4493K, capacity 4729K, committed 4784K, reserved 1048576K
}
Event: 3.584 GC heap before
{Heap before GC invocations=9 (full 1):
 PSYoungGen      total 71680K, used 34154K [0x00000000d5580000, 0x00000000da080000, 0x0000000100000000)
  eden space 66560K, 43% used [0x00000000d5580000,0x00000000d71da850,0x00000000d9680000)
  from space 5120K, 100% used [0x00000000d9680000,0x00000000d9b80000,0x00000000d9b80000)
  to   space 5120K, 0% used [0x00000000d9b80000,0x00000000d9b80000,0x00000000da080000)
 ParOldGen       total 57856K, used 14124K [0x0000000080000000, 0x0000000083880000, 0x00000000d5580000)
  object space 57856K, 24% used [0x0000000080000000,0x0000000080dcb078,0x0000000083880000)
 Metaspace       used 34259K, capacity 35426K, committed 35496K, reserved 1079296K
  class space    used 4712K, capacity 5006K, committed 5032K, reserved 1048576K
Event: 3.591 GC heap after
Heap after GC invocations=9 (full 1):
 PSYoungGen      total 71680K, used 5120K [0x00000000d5580000, 0x00000000da080000, 0x0000000100000000)
  eden space 66560K, 0% used [0x00000000d5580000,0x00000000d5580000,0x00000000d9680000)
  from space 5120K, 100% used [0x00000000d9b80000,0x00000000da080000,0x00000000da080000)
  to   space 5120K, 0% used [0x00000000d9680000,0x00000000d9680000,0x00000000d9b80000)
 ParOldGen       total 57856K, used 16090K [0x0000000080000000, 0x0000000083880000, 0x00000000d5580000)
  object space 57856K, 27% used [0x0000000080000000,0x0000000080fb69c0,0x0000000083880000)
 Metaspace       used 34259K, capacity 35426K, committed 35496K, reserved 1079296K
  class space    used 4712K, capacity 5006K, committed 5032K, reserved 1048576K
}
Event: 3.591 GC heap before
{Heap before GC invocations=10 (full 2):
 PSYoungGen      total 71680K, used 5120K [0x00000000d5580000, 0x00000000da080000, 0x0000000100000000)
  eden space 66560K, 0% used [0x00000000d5580000,0x00000000d5580000,0x00000000d9680000)
  from space 5120K, 100% used [0x00000000d9b80000,0x00000000da080000,0x00000000da080000)
  to   space 5120K, 0% used [0x00000000d9680000,0x00000000d9680000,0x00000000d9b80000)
 ParOldGen       total 57856K, used 16090K [0x0000000080000000, 0x0000000083880000, 0x00000000d5580000)
  object space 57856K, 27% used [0x0000000080000000,0x0000000080fb69c0,0x0000000083880000)
 Metaspace       used 34259K, capacity 35426K, committed 35496K, reserved 1079296K
  class space    used 4712K, capacity 5006K, committed 5032K, reserved 1048576K
Event: 3.638 GC heap after
Heap after GC invocations=10 (full 2):
 PSYoungGen      total 71680K, used 0K [0x00000000d5580000, 0x00000000da080000, 0x0000000100000000)
  eden space 66560K, 0% used [0x00000000d5580000,0x00000000d5580000,0x00000000d9680000)
  from space 5120K, 0% used [0x00000000d9b80000,0x00000000d9b80000,0x00000000da080000)
  to   space 5120K, 0% used [0x00000000d9680000,0x00000000d9680000,0x00000000d9b80000)
 ParOldGen       total 57856K, used 14695K [0x0000000080000000, 0x0000000083880000, 0x00000000d5580000)
  object space 57856K, 25% used [0x0000000080000000,0x0000000080e59d50,0x0000000083880000)
 Metaspace       used 34259K, capacity 35426K, committed 35496K, reserved 1079296K
  class space    used 4712K, capacity 5006K, committed 5032K, reserved 1048576K
}

Deoptimization events (10 events):
Event: 3.216 Thread 0x000000001c4c9800 Uncommon trap: reason=unstable_if action=reinterpret pc=0x000000000315b700 method=org.objectweb.asm.ByteVector.putShort(I)Lorg/objectweb/asm/ByteVector; @ 13
Event: 3.268 Thread 0x000000001c4c9800 Uncommon trap: reason=unstable_if action=reinterpret pc=0x00000000030b1ef0 method=java.net.URLClassLoader.defineClass(Ljava/lang/String;Lsun/misc/Resource;)Ljava/lang/Class; @ 21
Event: 3.321 Thread 0x000000001c4c9800 Uncommon trap: reason=unstable_if action=reinterpret pc=0x00000000034078c4 method=org.codehaus.groovy.runtime.metaclass.MetaMethodIndex.addMethodToList(Ljava/lang/Object;Lgroovy/lang/MetaMethod;)Ljava/lang/Object; @ 226
Event: 3.362 Thread 0x000000001c4c9800 Uncommon trap: reason=range_check action=make_not_entrant pc=0x000000000340e2a8 method=java.lang.String.charAt(I)C @ 27
Event: 3.915 Thread 0x000000001cefe800 Uncommon trap: reason=unstable_if action=reinterpret pc=0x0000000002fce550 method=java.util.concurrent.ConcurrentHashMap.addCount(JI)V @ 34
Event: 3.915 Thread 0x000000001cefe000 Uncommon trap: reason=unstable_if action=reinterpret pc=0x0000000002fce550 method=java.util.concurrent.ConcurrentHashMap.addCount(JI)V @ 34
Event: 3.915 Thread 0x000000001cefe000 Uncommon trap: reason=unstable_if action=reinterpret pc=0x0000000002f3a6b8 method=java.util.concurrent.ConcurrentHashMap.addCount(JI)V @ 7
Event: 4.009 Thread 0x000000001cf08000 Uncommon trap: reason=unstable_if action=reinterpret pc=0x000000000359ea9c method=java.util.concurrent.SynchronousQueue$TransferStack.shouldSpin(Ljava/util/concurrent/SynchronousQueue$TransferStack$SNode;)Z @ 7
Event: 4.009 Thread 0x000000001cf08800 Uncommon trap: reason=unstable_if action=reinterpret pc=0x000000000359ea9c method=java.util.concurrent.SynchronousQueue$TransferStack.shouldSpin(Ljava/util/concurrent/SynchronousQueue$TransferStack$SNode;)Z @ 7
Event: 4.009 Thread 0x000000001cf09800 Uncommon trap: reason=unstable_if action=reinterpret pc=0x000000000359ea9c method=java.util.concurrent.SynchronousQueue$TransferStack.shouldSpin(Ljava/util/concurrent/SynchronousQueue$TransferStack$SNode;)Z @ 7

Classes redefined (0 events):
No events

Internal exceptions (10 events):
Event: 3.453 Thread 0x000000001c4c9800 Exception <a 'java/lang/ClassNotFoundException': org/gradle/api/internal/artifacts/dsl/dependencies/DefaultDependencyHandler_DecoratedBeanInfo> (0x00000000d5db32b8) thrown at [C:\src\AOSP-openjdk-git\hotspot\src\share\vm\classfile\systemDictionary.cpp, li
Event: 3.454 Thread 0x000000001c4c9800 Exception <a 'java/lang/ClassNotFoundException': org/gradle/api/internal/artifacts/dsl/dependencies/DefaultDependencyHandlerBeanInfo> (0x00000000d5e0bbf8) thrown at [C:\src\AOSP-openjdk-git\hotspot\src\share\vm\classfile\systemDictionary.cpp, line 210]
Event: 3.455 Thread 0x000000001c4c9800 Exception <a 'java/lang/ClassNotFoundException': org/gradle/api/internal/artifacts/dsl/dependencies/DefaultDependencyHandlerCustomizer> (0x00000000d5e65868) thrown at [C:\src\AOSP-openjdk-git\hotspot\src\share\vm\classfile\systemDictionary.cpp, line 210]
Event: 3.458 Thread 0x000000001c4c9800 Exception <a 'java/lang/ClassNotFoundException': org/gradle/api/internal/artifacts/dsl/dependencies/DefaultDependencyHandler_DecoratedCustomizer> (0x00000000d5ef0548) thrown at [C:\src\AOSP-openjdk-git\hotspot\src\share\vm\classfile\systemDictionary.cpp, 
Event: 3.510 Thread 0x000000001c4c9800 Exception <a 'java/lang/NoSuchMethodError': java.lang.Object.lambda$static$0(Lorg/gradle/api/internal/artifacts/configurations/MutationValidator$MutationType;)V> (0x00000000d660c988) thrown at [C:\src\AOSP-openjdk-git\hotspot\src\share\vm\interpreter\link
Event: 3.657 Thread 0x000000001c4c9800 Exception <a 'java/lang/NoSuchMethodError': java.lang.Object.lambda$static$0(Lorg/gradle/internal/component/model/DependencyMetadata;)Lorg/gradle/api/internal/artifacts/ivyservice/dependencysubstitution/DependencySubstitutionApplicator$SubstitutionResult;
Event: 3.691 Thread 0x000000001c4c9800 Exception <a 'java/lang/IncompatibleClassChangeError': Found class java.lang.Object, but interface was expected> (0x00000000d5dacae0) thrown at [C:\src\AOSP-openjdk-git\hotspot\src\share\vm\interpreter\linkResolver.cpp, line 653]
Event: 3.692 Thread 0x000000001c4c9800 Exception <a 'java/lang/NoSuchMethodError': java.lang.Object.lambda$thenComparing$36697e65$1(Ljava/util/Comparator;Ljava/lang/Object;Ljava/lang/Object;)I> (0x00000000d5db8490) thrown at [C:\src\AOSP-openjdk-git\hotspot\src\share\vm\interpreter\linkResolve
Event: 3.774 Thread 0x000000001c4c9800 Exception <a 'java/lang/NoSuchMethodError': java.lang.Object.lambda$static$0()Z> (0x00000000d6896650) thrown at [C:\src\AOSP-openjdk-git\hotspot\src\share\vm\interpreter\linkResolver.cpp, line 620]
Event: 3.906 Thread 0x000000001c4c9800 Exception <a 'java/lang/NoSuchMethodError': java.lang.Object.lambda$static$0(Lorg/gradle/api/internal/artifacts/ivyservice/resolveengine/artifact/ArtifactVisitor;)V> (0x00000000d7638e30) thrown at [C:\src\AOSP-openjdk-git\hotspot\src\share\vm\interpreter\

Events (10 events):
Event: 4.016 loading class org/gradle/internal/snapshot/RelativePathStringTracker
Event: 4.016 loading class org/gradle/internal/snapshot/RelativePathStringTracker done
Event: 4.016 loading class org/gradle/internal/fingerprint/classpath/impl/ClasspathFingerprintingStrategy$ClasspathContentFingerprintingVisitor
Event: 4.016 loading class org/gradle/internal/fingerprint/classpath/impl/ClasspathFingerprintingStrategy$ClasspathContentFingerprintingVisitor done
Event: 4.017 loading class org/gradle/internal/fingerprint/classpath/impl/ClasspathFingerprintingStrategy$ClasspathContentFingerprintingVisitor
Event: 4.017 loading class org/gradle/internal/fingerprint/classpath/impl/ClasspathFingerprintingStrategy$ClasspathContentFingerprintingVisitor done
Event: 4.019 loading class org/gradle/internal/fingerprint/impl/IgnoredPathFileSystemLocationFingerprint
Event: 4.019 loading class org/gradle/internal/fingerprint/impl/IgnoredPathFileSystemLocationFingerprint done
Event: 4.020 loading class org/gradle/internal/fingerprint/impl/IgnoredPathFileSystemLocationFingerprint$1
Event: 4.020 loading class org/gradle/internal/fingerprint/impl/IgnoredPathFileSystemLocationFingerprint$1 done


Dynamic libraries:
0x00007ff7abe30000 - 0x00007ff7abe61000 	C:\Program Files\Android\Android Studio\jre\bin\java.exe
0x00007ff963470000 - 0x00007ff963664000 	C:\WINDOWS\SYSTEM32\ntdll.dll
0x00007ff962580000 - 0x00007ff96263d000 	C:\WINDOWS\System32\KERNEL32.DLL
0x00007ff960da0000 - 0x00007ff961067000 	C:\WINDOWS\System32\KERNELBASE.dll
0x00007ff962d60000 - 0x00007ff962e0a000 	C:\WINDOWS\System32\ADVAPI32.dll
0x00007ff961c50000 - 0x00007ff961cee000 	C:\WINDOWS\System32\msvcrt.dll
0x00007ff9631e0000 - 0x00007ff96327b000 	C:\WINDOWS\System32\sechost.dll
0x00007ff963050000 - 0x00007ff963173000 	C:\WINDOWS\System32\RPCRT4.dll
0x00007ff962e40000 - 0x00007ff962fe0000 	C:\WINDOWS\System32\USER32.dll
0x00007ff960c20000 - 0x00007ff960c42000 	C:\WINDOWS\System32\win32u.dll
0x00007ff962e10000 - 0x00007ff962e3a000 	C:\WINDOWS\System32\GDI32.dll
0x00007ff9611a0000 - 0x00007ff9612aa000 	C:\WINDOWS\System32\gdi32full.dll
0x00007ff960d00000 - 0x00007ff960d9d000 	C:\WINDOWS\System32\msvcp_win.dll
0x00007ff961070000 - 0x00007ff961170000 	C:\WINDOWS\System32\ucrtbase.dll
0x00007ff93a050000 - 0x00007ff93a2ea000 	C:\WINDOWS\WinSxS\amd64_microsoft.windows.common-controls_6595b64144ccf1df_6.0.19041.1_none_b555e41d4684ddec\COMCTL32.dll
0x00007ff9614e0000 - 0x00007ff961510000 	C:\WINDOWS\System32\IMM32.DLL
0x000000005b4d0000 - 0x000000005b5a2000 	C:\Program Files\Android\Android Studio\jre\jre\bin\msvcr100.dll
0x000000005b5b0000 - 0x000000005bdfb000 	C:\Program Files\Android\Android Studio\jre\jre\bin\server\jvm.dll
0x00007ff962640000 - 0x00007ff962648000 	C:\WINDOWS\System32\PSAPI.DLL
0x00007ff956020000 - 0x00007ff95602a000 	C:\WINDOWS\SYSTEM32\VERSION.dll
0x00007ff93c580000 - 0x00007ff93c5a7000 	C:\WINDOWS\SYSTEM32\WINMM.dll
0x00007ff93c4c0000 - 0x00007ff93c4c9000 	C:\WINDOWS\SYSTEM32\WSOCK32.dll
0x00007ff962460000 - 0x00007ff9624cb000 	C:\WINDOWS\System32\WS2_32.dll
0x00007ff951960000 - 0x00007ff95196f000 	C:\Program Files\Android\Android Studio\jre\jre\bin\verify.dll
0x00007ff951900000 - 0x00007ff951929000 	C:\Program Files\Android\Android Studio\jre\jre\bin\java.dll
0x00007ff9508d0000 - 0x00007ff9508e6000 	C:\Program Files\Android\Android Studio\jre\jre\bin\zip.dll
0x00007ff961510000 - 0x00007ff961c44000 	C:\WINDOWS\System32\SHELL32.dll
0x00007ff95eb00000 - 0x00007ff95f28e000 	C:\WINDOWS\SYSTEM32\windows.storage.dll
0x00007ff9627f0000 - 0x00007ff962b43000 	C:\WINDOWS\System32\combase.dll
0x00007ff960640000 - 0x00007ff96066b000 	C:\WINDOWS\SYSTEM32\Wldp.dll
0x00007ff9623b0000 - 0x00007ff96245e000 	C:\WINDOWS\System32\SHCORE.dll
0x00007ff9621d0000 - 0x00007ff962225000 	C:\WINDOWS\System32\shlwapi.dll
0x00007ff960b00000 - 0x00007ff960b1f000 	C:\WINDOWS\SYSTEM32\profapi.dll
0x00007ff9508b0000 - 0x00007ff9508ca000 	C:\Program Files\Android\Android Studio\jre\jre\bin\net.dll
0x00007ff9603c0000 - 0x00007ff96042a000 	C:\WINDOWS\system32\mswsock.dll
0x00007ff94ef50000 - 0x00007ff94ef63000 	C:\Program Files\Android\Android Studio\jre\jre\bin\nio.dll
0x00007ff94ebc0000 - 0x00007ff94ebe7000 	C:\Users\carlo\.gradle\native\f6784746aeab05261644944871eae4fe03e0ef1612fff0a4a95f87b438bc6780\windows-amd64\native-platform.dll
0x00007ff9508a0000 - 0x00007ff9508ad000 	C:\Program Files\Android\Android Studio\jre\jre\bin\management.dll
0x00007ff9605a0000 - 0x00007ff9605b8000 	C:\WINDOWS\SYSTEM32\CRYPTSP.dll
0x00007ff95fce0000 - 0x00007ff95fd14000 	C:\WINDOWS\system32\rsaenh.dll
0x00007ff961170000 - 0x00007ff961197000 	C:\WINDOWS\System32\bcrypt.dll
0x00007ff960a80000 - 0x00007ff960aae000 	C:\WINDOWS\SYSTEM32\USERENV.dll
0x00007ff9612b0000 - 0x00007ff96132f000 	C:\WINDOWS\System32\bcryptprimitives.dll
0x00007ff960590000 - 0x00007ff96059c000 	C:\WINDOWS\SYSTEM32\CRYPTBASE.dll
0x00007ff960060000 - 0x00007ff96009b000 	C:\WINDOWS\SYSTEM32\IPHLPAPI.DLL
0x00007ff961cf0000 - 0x00007ff961cf9000 	C:\WINDOWS\System32\NSI.dll
0x00007ff94f740000 - 0x00007ff94f757000 	C:\WINDOWS\SYSTEM32\dhcpcsvc6.DLL
0x00007ff94f910000 - 0x00007ff94f92d000 	C:\WINDOWS\SYSTEM32\dhcpcsvc.DLL
0x00007ff9600b0000 - 0x00007ff96017a000 	C:\WINDOWS\SYSTEM32\DNSAPI.dll
0x00007ff955fb0000 - 0x00007ff955fbb000 	C:\WINDOWS\SYSTEM32\WINNSI.DLL

VM Arguments:
jvm_args: -Xmx2048m -Dfile.encoding=UTF-8 -Duser.country=ES -Duser.language=es -Duser.variant 
java_command: org.gradle.launcher.daemon.bootstrap.GradleDaemon 6.5
java_class_path (initial): C:\Users\carlo\.gradle\wrapper\dists\gradle-6.5-all\2oz4ud9k3tuxjg84bbf55q0tn\gradle-6.5\lib\gradle-launcher-6.5.jar
Launcher Type: SUN_STANDARD

Environment Variables:
PATH=C:\Python39\Scripts\;C:\Python39\;C:\Program Files (x86)\Common Files\Oracle\Java\javapath;C:\WINDOWS\system32;C:\WINDOWS;C:\WINDOWS\System32\Wbem;C:\WINDOWS\System32\WindowsPowerShell\v1.0\;C:\WINDOWS\System32\OpenSSH\;C:\Program Files\Microsoft SQL Server\Client SDK\ODBC\130\Tools\Binn\;C:\Program Files (x86)\Microsoft SQL Server\150\DTS\Binn\;C:\Program Files (x86)\Windows Kits\10\Windows Performance Toolkit\;C:\Program Files\Microsoft SQL Server\Client SDK\ODBC\170\Tools\Binn\;C:\Program Files (x86)\Microsoft SQL Server\150\Tools\Binn\;C:\Program Files\Microsoft SQL Server\150\Tools\Binn\;C:\Program Files\Microsoft SQL Server\150\DTS\Binn\;C:\Program Files\Git\cmd;C:\Program Files\dotnet\;C:\Program Files\Microsoft SQL Server\130\Tools\Binn\;C:\Program Files (x86)\dotnet\;C:\xampp\php;C:\composer;C:\Program Files\nodejs\;C:\ProgramData\chocolatey\bin;C:\Users\carlo\AppData\Local\Programs\Python\Python38-32\Scripts\;C:\Users\carlo\AppData\Local\Programs\Python\Python38-32\;C:\Users\carlo\AppData\Local\Microsoft\WindowsApps;C:\Users\carlo\AppData\Roaming\Dashlane\6.2007.0.32704\bin\Firefox_Extension\{442718d9-475e-452a-b3e1-fb1ee16b8e9f}\components;C:\Users\carlo\AppData\Roaming\Dashlane\6.2007.0.32704\ucrt;C:\Users\carlo\AppData\Roaming\Dashlane\6.2007.0.32704\bin\Qt;C:\Users\carlo\AppData\Roaming\Dashlane\6.2007.0.32704\bin\Ssl;C:\Users\carlo\AppData\Local\Programs\Microsoft VS Code\bin;C:\sqlite3\sqlite-tools-win32-x86-3330000;C:\Users\carlo\AppData\Roaming\Composer\vendor\bin;C:\xampp\php;C:\Users\carlo\.dotnet\tools;C:\Users\carlo\AppData\Roaming\npm
USERNAME=Carlos Ivan Almeida
OS=Windows_NT
PROCESSOR_IDENTIFIER=Intel64 Family 6 Model 142 Stepping 10, GenuineIntel



---------------  S Y S T E M  ---------------

OS: Windows 10.0 , 64 bit Build 19041 (10.0.19041.292)

CPU:total 8 (initial active 8) (4 cores per cpu, 2 threads per core) family 6 model 142 stepping 10, cmov, cx8, fxsr, mmx, sse, sse2, sse3, ssse3, sse4.1, sse4.2, popcnt, avx, avx2, aes, clmul, erms, 3dnowpref, lzcnt, ht, tsc, tscinvbit, bmi1, bmi2, adx

Memory: 4k page, physical 8283772k(1346348k free), swap 12189308k(5300k free)

vm_info: OpenJDK 64-Bit Server VM (25.242-b01) for windows-amd64 JRE (1.8.0_242-release-1644-b01), built by "builder" with MS VC++ 10.0 (VS2010)

time: Wed Aug 25 23:31:50 2021
timezone: Hora est. Pacífico, Sudamérica
elapsed time: 4 seconds (0d 0h 0m 4s)

