#
# There is insufficient memory for the Java Runtime Environment to continue.
# Native memory allocation (malloc) failed to allocate 342576 bytes for Chunk::new
# Possible reasons:
#   The system is out of physical RAM or swap space
#   The process is running with CompressedOops enabled, and the Java Heap may be blocking the growth of the native heap
# Possible solutions:
#   Reduce memory load on the system
#   Increase physical memory or swap space
#   Check if swap backing store is full
#   Decrease Java heap size (-Xmx/-Xms)
#   Decrease number of Java threads
#   Decrease Java thread stack sizes (-Xss)
#   Set larger code cache with -XX:ReservedCodeCacheSize=
#   JVM is running with Unscaled Compressed Oops mode in which the Java heap is
#     placed in the first 4GB address space. The Java Heap base address is the
#     maximum limit for the native heap growth. Please use -XX:HeapBaseMinAddress
#     to set the Java Heap base and to place the Java Heap above 4GB virtual address.
# This output file may be truncated or incomplete.
#
#  Out of Memory Error (allocation.cpp:389), pid=11332, tid=0x0000000000001f60
#
# JRE version: OpenJDK Runtime Environment (8.0_242-b01) (build 1.8.0_242-release-1644-b01)
# Java VM: OpenJDK 64-Bit Server VM (25.242-b01 mixed mode windows-amd64 compressed oops)
# Failed to write core dump. Minidumps are not enabled by default on client versions of Windows
#

---------------  T H R E A D  ---------------

Current thread (0x0000000019379800):  JavaThread "C2 CompilerThread2" daemon [_thread_in_native, id=8032, stack(0x0000000019e60000,0x0000000019f60000)]

Stack: [0x0000000019e60000,0x0000000019f60000]
[error occurred during error reporting (printing stack bounds), id 0xc0000005]

Native frames: (J=compiled Java code, j=interpreted, Vv=VM code, C=native code)


Current CompileTask:
C2:  16098 5433       4       org.objectweb.asm.Type::getType (122 bytes)


---------------  P R O C E S S  ---------------

Java Threads: ( => current thread )
  0x000000001ebcc800 JavaThread "Cache worker for file content cache (C:\Users\carlo\AndroidStudioProjects\AppMovil_Security\.gradle\6.5\fileContent)" [_thread_blocked, id=9352, stack(0x000000002a9c0000,0x000000002aac0000)]
  0x000000001ebcb800 JavaThread "Memory manager" [_thread_blocked, id=14020, stack(0x0000000028bb0000,0x0000000028cb0000)]
  0x000000001ebc3000 JavaThread "pool-1-thread-1" [_thread_blocked, id=1996, stack(0x00000000286b0000,0x00000000287b0000)]
  0x000000001ebc6000 JavaThread "Cache worker for Build Output Cleanup Cache (C:\Users\carlo\AndroidStudioProjects\AppMovil_Security\.gradle\buildOutputCleanup)" [_thread_blocked, id=9540, stack(0x00000000283b0000,0x00000000284b0000)]
  0x000000001ebc9800 JavaThread "jar transforms Thread 92" [_thread_blocked, id=3352, stack(0x00000000280b0000,0x00000000281b0000)]
  0x000000001ebc4000 JavaThread "jar transforms Thread 91" [_thread_blocked, id=11292, stack(0x0000000027fb0000,0x00000000280b0000)]
  0x000000001ebc1800 JavaThread "jar transforms Thread 90" [_thread_blocked, id=4508, stack(0x0000000027eb0000,0x0000000027fb0000)]
  0x000000001ebc5800 JavaThread "jar transforms Thread 89" [_thread_blocked, id=2084, stack(0x0000000027db0000,0x0000000027eb0000)]
  0x000000001ebc8800 JavaThread "jar transforms Thread 88" [_thread_blocked, id=13572, stack(0x0000000027cb0000,0x0000000027db0000)]
  0x000000001ebc1000 JavaThread "jar transforms Thread 87" [_thread_blocked, id=8168, stack(0x0000000027bb0000,0x0000000027cb0000)]
  0x000000001ebc2800 JavaThread "jar transforms Thread 86" [_thread_blocked, id=12500, stack(0x0000000027ab0000,0x0000000027bb0000)]
  0x000000001ebc8000 JavaThread "jar transforms Thread 85" [_thread_blocked, id=13504, stack(0x00000000279b0000,0x0000000027ab0000)]
  0x000000001fb91000 JavaThread "jar transforms Thread 84" [_thread_blocked, id=14048, stack(0x00000000278b0000,0x00000000279b0000)]
  0x000000001fb90000 JavaThread "jar transforms Thread 83" [_thread_blocked, id=14644, stack(0x00000000277b0000,0x00000000278b0000)]
  0x000000001fb91800 JavaThread "jar transforms Thread 82" [_thread_blocked, id=15348, stack(0x00000000276b0000,0x00000000277b0000)]
  0x000000001fb8e800 JavaThread "jar transforms Thread 81" [_thread_blocked, id=12364, stack(0x00000000275b0000,0x00000000276b0000)]
  0x000000001fb8f800 JavaThread "jar transforms Thread 80" [_thread_blocked, id=14332, stack(0x00000000274b0000,0x00000000275b0000)]
  0x000000001fb87000 JavaThread "jar transforms Thread 79" [_thread_blocked, id=13384, stack(0x00000000273b0000,0x00000000274b0000)]
  0x000000001fb8e000 JavaThread "jar transforms Thread 78" [_thread_blocked, id=11312, stack(0x00000000272b0000,0x00000000273b0000)]
  0x000000001fb88000 JavaThread "jar transforms Thread 77" [_thread_blocked, id=9728, stack(0x00000000271b0000,0x00000000272b0000)]
  0x000000001fb88800 JavaThread "jar transforms Thread 76" [_thread_blocked, id=8216, stack(0x00000000270b0000,0x00000000271b0000)]
  0x000000001fb86800 JavaThread "jar transforms Thread 75" [_thread_blocked, id=7824, stack(0x0000000026fb0000,0x00000000270b0000)]
  0x000000001fb8d000 JavaThread "jar transforms Thread 74" [_thread_blocked, id=9388, stack(0x0000000026eb0000,0x0000000026fb0000)]
  0x000000001fb85800 JavaThread "jar transforms Thread 73" [_thread_blocked, id=1536, stack(0x0000000026db0000,0x0000000026eb0000)]
  0x000000001fb8c800 JavaThread "jar transforms Thread 72" [_thread_blocked, id=11624, stack(0x0000000026cb0000,0x0000000026db0000)]
  0x000000001fb8b000 JavaThread "jar transforms Thread 71" [_thread_blocked, id=12284, stack(0x0000000026bb0000,0x0000000026cb0000)]
  0x000000001fb8b800 JavaThread "jar transforms Thread 70" [_thread_blocked, id=12220, stack(0x0000000026ab0000,0x0000000026bb0000)]
  0x000000001fb83000 JavaThread "jar transforms Thread 69" [_thread_blocked, id=4808, stack(0x00000000269b0000,0x0000000026ab0000)]
  0x000000001fb84800 JavaThread "jar transforms Thread 68" [_thread_blocked, id=11140, stack(0x00000000268b0000,0x00000000269b0000)]
  0x000000001fb8a000 JavaThread "jar transforms Thread 67" [_thread_blocked, id=10144, stack(0x00000000267b0000,0x00000000268b0000)]
  0x000000001fb89800 JavaThread "jar transforms Thread 66" [_thread_blocked, id=10412, stack(0x00000000266b0000,0x00000000267b0000)]
  0x000000001fb84000 JavaThread "jar transforms Thread 65" [_thread_blocked, id=3076, stack(0x00000000265b0000,0x00000000266b0000)]
  0x000000001fb82800 JavaThread "jar transforms Thread 64" [_thread_blocked, id=5748, stack(0x00000000264b0000,0x00000000265b0000)]
  0x000000001fbc1800 JavaThread "jar transforms Thread 63" [_thread_blocked, id=2372, stack(0x00000000263b0000,0x00000000264b0000)]
  0x000000001fbbf800 JavaThread "jar transforms Thread 62" [_thread_blocked, id=5048, stack(0x00000000262b0000,0x00000000263b0000)]
  0x000000001fbbe800 JavaThread "jar transforms Thread 61" [_thread_blocked, id=1416, stack(0x00000000261b0000,0x00000000262b0000)]
  0x000000001fbbe000 JavaThread "jar transforms Thread 60" [_thread_blocked, id=3252, stack(0x00000000260b0000,0x00000000261b0000)]
  0x000000001fbbd000 JavaThread "jar transforms Thread 59" [_thread_blocked, id=8988, stack(0x0000000025fb0000,0x00000000260b0000)]
  0x000000001fbbb000 JavaThread "jar transforms Thread 58" [_thread_blocked, id=11468, stack(0x0000000025eb0000,0x0000000025fb0000)]
  0x000000001fbbc800 JavaThread "jar transforms Thread 57" [_thread_blocked, id=12352, stack(0x0000000025db0000,0x0000000025eb0000)]
  0x000000001fbbb800 JavaThread "jar transforms Thread 56" [_thread_blocked, id=11832, stack(0x0000000025cb0000,0x0000000025db0000)]
  0x000000001fbc1000 JavaThread "jar transforms Thread 55" [_thread_blocked, id=6952, stack(0x0000000025bb0000,0x0000000025cb0000)]
  0x000000001fbc0000 JavaThread "jar transforms Thread 54" [_thread_blocked, id=14188, stack(0x0000000025ab0000,0x0000000025bb0000)]
  0x000000001fbb7000 JavaThread "jar transforms Thread 53" [_thread_blocked, id=4028, stack(0x00000000259b0000,0x0000000025ab0000)]
  0x000000001fbb3000 JavaThread "jar transforms Thread 52" [_thread_blocked, id=1180, stack(0x00000000258b0000,0x00000000259b0000)]
  0x000000001fbba000 JavaThread "jar transforms Thread 51" [_thread_blocked, id=12340, stack(0x00000000257b0000,0x00000000258b0000)]
  0x000000001fbb9800 JavaThread "jar transforms Thread 50" [_thread_blocked, id=1692, stack(0x00000000256b0000,0x00000000257b0000)]
  0x000000001fbb8000 JavaThread "jar transforms Thread 49" [_thread_blocked, id=1336, stack(0x00000000255b0000,0x00000000256b0000)]
  0x000000001fbb8800 JavaThread "jar transforms Thread 48" [_thread_blocked, id=4512, stack(0x00000000254b0000,0x00000000255b0000)]
  0x000000001fbb2800 JavaThread "jar transforms Thread 47" [_thread_blocked, id=3988, stack(0x00000000253b0000,0x00000000254b0000)]
  0x000000001fbb5800 JavaThread "jar transforms Thread 46" [_thread_blocked, id=13972, stack(0x00000000252b0000,0x00000000253b0000)]
  0x000000001fbb4000 JavaThread "jar transforms Thread 45" [_thread_blocked, id=8352, stack(0x00000000251b0000,0x00000000252b0000)]
  0x000000001fbb6800 JavaThread "jar transforms Thread 44" [_thread_blocked, id=10080, stack(0x00000000250b0000,0x00000000251b0000)]
  0x000000001fbb5000 JavaThread "jar transforms Thread 43" [_thread_blocked, id=12652, stack(0x0000000024fb0000,0x00000000250b0000)]
  0x000000001f35e800 JavaThread "jar transforms Thread 42" [_thread_blocked, id=13488, stack(0x0000000024eb0000,0x0000000024fb0000)]
  0x000000001f35e000 JavaThread "jar transforms Thread 41" [_thread_blocked, id=4856, stack(0x0000000024db0000,0x0000000024eb0000)]
  0x000000001f35d000 JavaThread "jar transforms Thread 40" [_thread_blocked, id=8324, stack(0x0000000024cb0000,0x0000000024db0000)]
  0x000000001f35c800 JavaThread "jar transforms Thread 39" [_thread_blocked, id=11216, stack(0x0000000024bb0000,0x0000000024cb0000)]
  0x000000001f35b800 JavaThread "jar transforms Thread 38" [_thread_blocked, id=11476, stack(0x0000000024ab0000,0x0000000024bb0000)]
  0x000000001f35b000 JavaThread "jar transforms Thread 37" [_thread_blocked, id=10396, stack(0x00000000249b0000,0x0000000024ab0000)]
  0x000000001f353800 JavaThread "jar transforms Thread 36" [_thread_blocked, id=6980, stack(0x00000000248b0000,0x00000000249b0000)]
  0x000000001f35a000 JavaThread "jar transforms Thread 35" [_thread_blocked, id=9532, stack(0x00000000247b0000,0x00000000248b0000)]
  0x000000001f358800 JavaThread "jar transforms Thread 34" [_thread_blocked, id=14600, stack(0x00000000246b0000,0x00000000247b0000)]
  0x000000001f359800 JavaThread "jar transforms Thread 33" [_thread_blocked, id=4416, stack(0x00000000245b0000,0x00000000246b0000)]
  0x000000001f351000 JavaThread "jar transforms Thread 32" [_thread_blocked, id=13200, stack(0x00000000244b0000,0x00000000245b0000)]
  0x000000001f357000 JavaThread "jar transforms Thread 31" [_thread_blocked, id=13156, stack(0x00000000243b0000,0x00000000244b0000)]
  0x000000001f358000 JavaThread "jar transforms Thread 30" [_thread_blocked, id=1032, stack(0x00000000242b0000,0x00000000243b0000)]
  0x000000001f34f800 JavaThread "jar transforms Thread 29" [_thread_blocked, id=12160, stack(0x00000000241b0000,0x00000000242b0000)]
  0x000000001f356800 JavaThread "jar transforms Thread 28" [_thread_blocked, id=12008, stack(0x00000000240b0000,0x00000000241b0000)]
  0x000000001f355000 JavaThread "jar transforms Thread 27" [_thread_blocked, id=3960, stack(0x0000000023fb0000,0x00000000240b0000)]
  0x000000001f355800 JavaThread "jar transforms Thread 26" [_thread_blocked, id=2272, stack(0x0000000023eb0000,0x0000000023fb0000)]
  0x000000001f350800 JavaThread "jar transforms Thread 25" [_thread_blocked, id=12272, stack(0x0000000023db0000,0x0000000023eb0000)]
  0x000000001f354000 JavaThread "jar transforms Thread 24" [_thread_blocked, id=7220, stack(0x0000000023cb0000,0x0000000023db0000)]
  0x000000001f352800 JavaThread "jar transforms Thread 23" [_thread_blocked, id=9748, stack(0x0000000023bb0000,0x0000000023cb0000)]
  0x000000001f352000 JavaThread "jar transforms Thread 22" [_thread_blocked, id=9304, stack(0x0000000023ab0000,0x0000000023bb0000)]
  0x000000001f2c3800 JavaThread "jar transforms Thread 21" [_thread_blocked, id=3060, stack(0x00000000239b0000,0x0000000023ab0000)]
  0x000000001f2c1000 JavaThread "jar transforms Thread 20" [_thread_blocked, id=3980, stack(0x00000000238b0000,0x00000000239b0000)]
  0x000000001f2c0800 JavaThread "jar transforms Thread 19" [_thread_blocked, id=14924, stack(0x00000000237b0000,0x00000000238b0000)]
  0x000000001f2c6800 JavaThread "jar transforms Thread 18" [_thread_blocked, id=9504, stack(0x00000000236b0000,0x00000000237b0000)]
  0x000000001f2c5800 JavaThread "jar transforms Thread 17" [_thread_blocked, id=4380, stack(0x00000000235b0000,0x00000000236b0000)]
  0x000000001f2c5000 JavaThread "jar transforms Thread 16" [_thread_blocked, id=10852, stack(0x00000000234b0000,0x00000000235b0000)]
  0x000000001f2bf800 JavaThread "jar transforms Thread 15" [_thread_blocked, id=1244, stack(0x00000000233b0000,0x00000000234b0000)]
  0x000000001f2c2000 JavaThread "jar transforms Thread 14" [_thread_blocked, id=7924, stack(0x00000000232b0000,0x00000000233b0000)]
  0x000000001f2c4000 JavaThread "jar transforms Thread 13" [_thread_blocked, id=13920, stack(0x00000000231b0000,0x00000000232b0000)]
  0x000000001f2c2800 JavaThread "jar transforms Thread 12" [_thread_blocked, id=1824, stack(0x00000000230b0000,0x00000000231b0000)]
  0x00000000205f4000 JavaThread "jar transforms Thread 11" [_thread_blocked, id=14936, stack(0x0000000022fb0000,0x00000000230b0000)]
  0x00000000205f3800 JavaThread "jar transforms Thread 10" [_thread_blocked, id=11592, stack(0x0000000022eb0000,0x0000000022fb0000)]
  0x00000000205f2000 JavaThread "jar transforms Thread 9" [_thread_blocked, id=14716, stack(0x0000000022db0000,0x0000000022eb0000)]
  0x00000000205f1000 JavaThread "jar transforms Thread 8" [_thread_blocked, id=10400, stack(0x0000000022cb0000,0x0000000022db0000)]
  0x00000000205f0800 JavaThread "jar transforms Thread 7" [_thread_blocked, id=6776, stack(0x0000000022bb0000,0x0000000022cb0000)]
  0x00000000205f2800 JavaThread "jar transforms Thread 6" [_thread_blocked, id=13052, stack(0x0000000022ab0000,0x0000000022bb0000)]
  0x00000000205ef800 JavaThread "jar transforms Thread 5" [_thread_blocked, id=14920, stack(0x00000000229b0000,0x0000000022ab0000)]
  0x00000000205e8000 JavaThread "jar transforms Thread 4" [_thread_blocked, id=10040, stack(0x0000000022120000,0x0000000022220000)]
  0x00000000205ea800 JavaThread "jar transforms Thread 3" [_thread_blocked, id=15320, stack(0x0000000022020000,0x0000000022120000)]
  0x00000000205ef000 JavaThread "jar transforms Thread 2" [_thread_blocked, id=13448, stack(0x0000000021f20000,0x0000000022020000)]
  0x00000000205e7000 JavaThread "Build operations Thread 8" [_thread_blocked, id=12576, stack(0x00000000228b0000,0x00000000229b0000)]
  0x00000000205ee000 JavaThread "Build operations Thread 7" [_thread_blocked, id=10476, stack(0x00000000227b0000,0x00000000228b0000)]
  0x00000000205e6800 JavaThread "Build operations Thread 6" [_thread_blocked, id=5888, stack(0x00000000226b0000,0x00000000227b0000)]
  0x00000000205ec800 JavaThread "Build operations Thread 5" [_thread_blocked, id=3132, stack(0x00000000225b0000,0x00000000226b0000)]
  0x00000000205ec000 JavaThread "Build operations Thread 4" [_thread_blocked, id=7776, stack(0x00000000224b0000,0x00000000225b0000)]
  0x00000000205ed800 JavaThread "Build operations Thread 3" [_thread_blocked, id=12892, stack(0x00000000223b0000,0x00000000224b0000)]
  0x00000000205eb000 JavaThread "Build operations Thread 2" [_thread_blocked, id=8652, stack(0x00000000222b0000,0x00000000223b0000)]
  0x00000000205e5800 JavaThread "Build operations" [_thread_blocked, id=9416, stack(0x00000000219d0000,0x0000000021ad0000)]
  0x000000001c07c800 JavaThread "Cache worker for file content cache (C:\Users\carlo\.gradle\caches\6.5\fileContent)" [_thread_blocked, id=13000, stack(0x00000000216d0000,0x00000000217d0000)]
  0x000000001c07c000 JavaThread "jar transforms" [_thread_blocked, id=8740, stack(0x00000000215d0000,0x00000000216d0000)]
  0x000000001c07f800 JavaThread "Cache worker for execution history cache (C:\Users\carlo\.gradle\caches\6.5\executionHistory)" [_thread_blocked, id=11408, stack(0x0000000020ed0000,0x0000000020fd0000)]
  0x000000001c07e000 JavaThread "Cache worker for cache directory md-rule (C:\Users\carlo\.gradle\caches\6.5\md-rule)" [_thread_blocked, id=9740, stack(0x0000000020dd0000,0x0000000020ed0000)]
  0x000000001c07d800 JavaThread "Cache worker for cache directory md-supplier (C:\Users\carlo\.gradle\caches\6.5\md-supplier)" [_thread_blocked, id=5796, stack(0x0000000020cd0000,0x0000000020dd0000)]
  0x000000001c07f000 JavaThread "Cache worker for checksums cache (C:\Users\carlo\AndroidStudioProjects\AppMovil_Security\.gradle\checksums)" [_thread_blocked, id=10996, stack(0x000000001f980000,0x000000001fa80000)]
  0x000000001c082800 JavaThread "Cache worker for file hash cache (C:\Users\carlo\AndroidStudioProjects\AppMovil_Security\.gradle\6.5\fileHashes)" [_thread_blocked, id=3176, stack(0x000000001f880000,0x000000001f980000)]
  0x000000001c081000 JavaThread "Cache worker for file hash cache (C:\Users\carlo\.gradle\caches\6.5\fileHashes)" [_thread_blocked, id=3324, stack(0x000000001e3b0000,0x000000001e4b0000)]
  0x000000001c080800 JavaThread "File lock request listener" [_thread_in_native, id=14372, stack(0x000000001e2b0000,0x000000001e3b0000)]
  0x000000001c0ff000 JavaThread "Cache worker for journal cache (C:\Users\carlo\.gradle\caches\journal-1)" [_thread_blocked, id=14492, stack(0x000000001e1b0000,0x000000001e2b0000)]
  0x000000001bf12800 JavaThread "Thread-9" [_thread_blocked, id=10332, stack(0x000000001deb0000,0x000000001dfb0000)]
  0x000000001bf10000 JavaThread "Stdin handler" [_thread_blocked, id=8300, stack(0x000000001ddb0000,0x000000001deb0000)]
  0x000000001bef1800 JavaThread "Asynchronous log dispatcher for DefaultDaemonConnection: socket connection from /127.0.0.1:1289 to /127.0.0.1:1290" [_thread_blocked, id=12196, stack(0x000000001dcb0000,0x000000001ddb0000)]
  0x000000001bf1d000 JavaThread "Daemon worker" [_thread_in_Java, id=11192, stack(0x000000001dbb0000,0x000000001dcb0000)]
  0x000000001bf1c000 JavaThread "Cancel handler" [_thread_blocked, id=4180, stack(0x000000001d9b0000,0x000000001dab0000)]
  0x000000001be7a800 JavaThread "Handler for socket connection from /127.0.0.1:1289 to /127.0.0.1:1290" [_thread_in_native, id=14652, stack(0x000000001d8b0000,0x000000001d9b0000)]
  0x000000001be79800 JavaThread "Daemon" [_thread_blocked, id=7432, stack(0x000000001d7b0000,0x000000001d8b0000)]
  0x000000001be55000 JavaThread "Daemon periodic checks" [_thread_blocked, id=7608, stack(0x000000001d4b0000,0x000000001d5b0000)]
  0x000000001be53800 JavaThread "Incoming local TCP Connector on port 1289" [_thread_in_native, id=13428, stack(0x000000001d240000,0x000000001d340000)]
  0x000000001a359800 JavaThread "Daemon health stats" [_thread_blocked, id=13032, stack(0x000000001cc00000,0x000000001cd00000)]
  0x0000000019414000 JavaThread "Service Thread" daemon [_thread_blocked, id=14496, stack(0x000000001a060000,0x000000001a160000)]
  0x000000001937d800 JavaThread "C1 CompilerThread3" daemon [_thread_in_native, id=4496, stack(0x0000000019f60000,0x000000001a060000)]
=>0x0000000019379800 JavaThread "C2 CompilerThread2" daemon [_thread_in_native, id=8032, stack(0x0000000019e60000,0x0000000019f60000)]
  0x0000000019374800 JavaThread "C2 CompilerThread1" daemon [_thread_in_native, id=14996, stack(0x0000000019d60000,0x0000000019e60000)]
  0x0000000019371800 JavaThread "C2 CompilerThread0" daemon [_thread_in_native, id=9360, stack(0x0000000019c60000,0x0000000019d60000)]
  0x0000000019370800 JavaThread "Attach Listener" daemon [_thread_blocked, id=7052, stack(0x0000000019b60000,0x0000000019c60000)]
  0x000000001936f000 JavaThread "Signal Dispatcher" daemon [_thread_blocked, id=7584, stack(0x0000000019a60000,0x0000000019b60000)]
  0x00000000024dd800 JavaThread "Finalizer" daemon [_thread_blocked, id=420, stack(0x0000000019840000,0x0000000019940000)]
  0x0000000019360800 JavaThread "Reference Handler" daemon [_thread_blocked, id=3944, stack(0x0000000019740000,0x0000000019840000)]
  0x00000000023e2800 JavaThread "main" [_thread_blocked, id=4048, stack(0x00000000022e0000,0x00000000023e0000)]

Other Threads:
  0x0000000017548800 VMThread [stack: 0x0000000019240000,0x0000000019340000] [id=7844]
  0x0000000019414800 WatcherThread [stack: 0x000000001a160000,0x000000001a260000] [id=1288]

VM state:not at safepoint (normal execution)

VM Mutex/Monitor currently owned by a thread: None

heap address: 0x0000000080000000, size: 2048 MB, Compressed Oops mode: 32-bit
Narrow klass base: 0x0000000000000000, Narrow klass shift: 3
Compressed class space size: 1073741824 Address: 0x0000000100000000

Heap:
 PSYoungGen      total 138240K, used 53251K [0x00000000d5580000, 0x00000000de180000, 0x0000000100000000)
  eden space 133120K, 40% used [0x00000000d5580000,0x00000000d8980ce8,0x00000000dd780000)
  from space 5120K, 0% used [0x00000000ddc80000,0x00000000ddc80000,0x00000000de180000)
  to   space 5120K, 0% used [0x00000000dd780000,0x00000000dd780000,0x00000000ddc80000)
 ParOldGen       total 58368K, used 41436K [0x0000000080000000, 0x0000000083900000, 0x00000000d5580000)
  object space 58368K, 70% used [0x0000000080000000,0x00000000828770a8,0x0000000083900000)
 Metaspace       used 60203K, capacity 62738K, committed 62872K, reserved 1103872K
  class space    used 8332K, capacity 8852K, committed 8880K, reserved 1048576K

Card table byte_map: [0x00000000118a0000,0x0000000011cb0000] byte_map_base: 0x00000000114a0000

Marking Bits: (ParMarkBitMap*) 0x000000005bd7f030
 Begin Bits: [0x0000000012760000, 0x0000000014760000)
 End Bits:   [0x0000000014760000, 0x0000000016760000)

Polling page: 0x00000000001f0000

CodeCache: size=245760Kb used=17381Kb max_used=17381Kb free=228378Kb
 bounds [0x00000000024e0000, 0x00000000035f0000, 0x00000000114e0000]
 total_blobs=5828 nmethods=5049 adapters=690
 compilation: enabled

Compilation events (10 events):
Event: 16.064 Thread 0x000000001937d800 nmethod 5475 0x00000000035db9d0 code [0x00000000035dbb60, 0x00000000035dbf98]
Event: 16.066 Thread 0x000000001937d800 5476   !   3       kotlin.SynchronizedLazyImpl::getValue (101 bytes)
Event: 16.067 Thread 0x000000001937d800 nmethod 5476 0x00000000035da850 code [0x00000000035daa40, 0x00000000035db398]
Event: 16.067 Thread 0x000000001937d800 5477       3       org.gradle.api.internal.provider.AbstractProperty::beforeRead (29 bytes)
Event: 16.068 Thread 0x000000001937d800 nmethod 5477 0x00000000035e0fd0 code [0x00000000035e1160, 0x00000000035e15e8]
Event: 16.074 Thread 0x000000001937d800 5478       3       com.google.common.collect.LinkedHashMultimap$ValueSet$1::next (43 bytes)
Event: 16.075 Thread 0x000000001937d800 nmethod 5478 0x00000000035e1750 code [0x00000000035e1900, 0x00000000035e1ff8]
Event: 16.076 Thread 0x000000001937d800 5479       1       org.gradle.api.internal.tasks.TaskStateInternal::getExecuting (5 bytes)
Event: 16.077 Thread 0x000000001937d800 nmethod 5479 0x00000000035e22d0 code [0x00000000035e2420, 0x00000000035e2530]
Event: 16.092 Thread 0x000000001937d800 5481       3       org.gradle.internal.instantiation.generator.AbstractClassGenerator::isManagedProperty (35 bytes)

GC Heap History (10 events):
Event: 5.741 GC heap before
{Heap before GC invocations=9 (full 2):
 PSYoungGen      total 138240K, used 5120K [0x00000000d5580000, 0x00000000de180000, 0x0000000100000000)
  eden space 133120K, 0% used [0x00000000d5580000,0x00000000d5580000,0x00000000dd780000)
  from space 5120K, 100% used [0x00000000dd780000,0x00000000ddc80000,0x00000000ddc80000)
  to   space 5120K, 0% used [0x00000000ddc80000,0x00000000ddc80000,0x00000000de180000)
 ParOldGen       total 58368K, used 20320K [0x0000000080000000, 0x0000000083900000, 0x00000000d5580000)
  object space 58368K, 34% used [0x0000000080000000,0x00000000813d8120,0x0000000083900000)
 Metaspace       used 34282K, capacity 35426K, committed 35496K, reserved 1079296K
  class space    used 4726K, capacity 5006K, committed 5040K, reserved 1048576K
Event: 5.819 GC heap after
Heap after GC invocations=9 (full 2):
 PSYoungGen      total 138240K, used 0K [0x00000000d5580000, 0x00000000de180000, 0x0000000100000000)
  eden space 133120K, 0% used [0x00000000d5580000,0x00000000d5580000,0x00000000dd780000)
  from space 5120K, 0% used [0x00000000dd780000,0x00000000dd780000,0x00000000ddc80000)
  to   space 5120K, 0% used [0x00000000ddc80000,0x00000000ddc80000,0x00000000de180000)
 ParOldGen       total 58368K, used 20481K [0x0000000080000000, 0x0000000083900000, 0x00000000d5580000)
  object space 58368K, 35% used [0x0000000080000000,0x0000000081400520,0x0000000083900000)
 Metaspace       used 34282K, capacity 35426K, committed 35496K, reserved 1079296K
  class space    used 4726K, capacity 5006K, committed 5040K, reserved 1048576K
}
Event: 10.834 GC heap before
{Heap before GC invocations=10 (full 2):
 PSYoungGen      total 138240K, used 133120K [0x00000000d5580000, 0x00000000de180000, 0x0000000100000000)
  eden space 133120K, 100% used [0x00000000d5580000,0x00000000dd780000,0x00000000dd780000)
  from space 5120K, 0% used [0x00000000dd780000,0x00000000dd780000,0x00000000ddc80000)
  to   space 5120K, 0% used [0x00000000ddc80000,0x00000000ddc80000,0x00000000de180000)
 ParOldGen       total 58368K, used 20481K [0x0000000080000000, 0x0000000083900000, 0x00000000d5580000)
  object space 58368K, 35% used [0x0000000080000000,0x0000000081400520,0x0000000083900000)
 Metaspace       used 39842K, capacity 41672K, committed 41768K, reserved 1085440K
  class space    used 5508K, capacity 5894K, committed 5936K, reserved 1048576K
Event: 10.842 GC heap after
Heap after GC invocations=10 (full 2):
 PSYoungGen      total 138240K, used 5088K [0x00000000d5580000, 0x00000000de180000, 0x0000000100000000)
  eden space 133120K, 0% used [0x00000000d5580000,0x00000000d5580000,0x00000000dd780000)
  from space 5120K, 99% used [0x00000000ddc80000,0x00000000de178030,0x00000000de180000)
  to   space 5120K, 0% used [0x00000000dd780000,0x00000000dd780000,0x00000000ddc80000)
 ParOldGen       total 58368K, used 25642K [0x0000000080000000, 0x0000000083900000, 0x00000000d5580000)
  object space 58368K, 43% used [0x0000000080000000,0x000000008190a928,0x0000000083900000)
 Metaspace       used 39842K, capacity 41672K, committed 41768K, reserved 1085440K
  class space    used 5508K, capacity 5894K, committed 5936K, reserved 1048576K
}
Event: 13.618 GC heap before
{Heap before GC invocations=11 (full 2):
 PSYoungGen      total 138240K, used 138208K [0x00000000d5580000, 0x00000000de180000, 0x0000000100000000)
  eden space 133120K, 100% used [0x00000000d5580000,0x00000000dd780000,0x00000000dd780000)
  from space 5120K, 99% used [0x00000000ddc80000,0x00000000de178030,0x00000000de180000)
  to   space 5120K, 0% used [0x00000000dd780000,0x00000000dd780000,0x00000000ddc80000)
 ParOldGen       total 58368K, used 25642K [0x0000000080000000, 0x0000000083900000, 0x00000000d5580000)
  object space 58368K, 43% used [0x0000000080000000,0x000000008190a928,0x0000000083900000)
 Metaspace       used 52006K, capacity 54146K, committed 54312K, reserved 1095680K
  class space    used 6968K, capacity 7427K, committed 7472K, reserved 1048576K
Event: 13.635 GC heap after
Heap after GC invocations=11 (full 2):
 PSYoungGen      total 138240K, used 5104K [0x00000000d5580000, 0x00000000de180000, 0x0000000100000000)
  eden space 133120K, 0% used [0x00000000d5580000,0x00000000d5580000,0x00000000dd780000)
  from space 5120K, 99% used [0x00000000dd780000,0x00000000ddc7c040,0x00000000ddc80000)
  to   space 5120K, 0% used [0x00000000ddc80000,0x00000000ddc80000,0x00000000de180000)
 ParOldGen       total 58368K, used 42474K [0x0000000080000000, 0x0000000083900000, 0x00000000d5580000)
  object space 58368K, 72% used [0x0000000080000000,0x000000008297aa98,0x0000000083900000)
 Metaspace       used 52006K, capacity 54146K, committed 54312K, reserved 1095680K
  class space    used 6968K, capacity 7427K, committed 7472K, reserved 1048576K
}
Event: 14.584 GC heap before
{Heap before GC invocations=12 (full 2):
 PSYoungGen      total 138240K, used 55656K [0x00000000d5580000, 0x00000000de180000, 0x0000000100000000)
  eden space 133120K, 37% used [0x00000000d5580000,0x00000000d86de300,0x00000000dd780000)
  from space 5120K, 99% used [0x00000000dd780000,0x00000000ddc7c040,0x00000000ddc80000)
  to   space 5120K, 0% used [0x00000000ddc80000,0x00000000ddc80000,0x00000000de180000)
 ParOldGen       total 58368K, used 42474K [0x0000000080000000, 0x0000000083900000, 0x00000000d5580000)
  object space 58368K, 72% used [0x0000000080000000,0x000000008297aa98,0x0000000083900000)
 Metaspace       used 56560K, capacity 59000K, committed 59160K, reserved 1099776K
  class space    used 7749K, capacity 8221K, committed 8240K, reserved 1048576K
Event: 14.598 GC heap after
Heap after GC invocations=12 (full 2):
 PSYoungGen      total 138240K, used 5120K [0x00000000d5580000, 0x00000000de180000, 0x0000000100000000)
  eden space 133120K, 0% used [0x00000000d5580000,0x00000000d5580000,0x00000000dd780000)
  from space 5120K, 100% used [0x00000000ddc80000,0x00000000de180000,0x00000000de180000)
  to   space 5120K, 0% used [0x00000000dd780000,0x00000000dd780000,0x00000000ddc80000)
 ParOldGen       total 58368K, used 48349K [0x0000000080000000, 0x0000000083900000, 0x00000000d5580000)
  object space 58368K, 82% used [0x0000000080000000,0x0000000082f37668,0x0000000083900000)
 Metaspace       used 56560K, capacity 59000K, committed 59160K, reserved 1099776K
  class space    used 7749K, capacity 8221K, committed 8240K, reserved 1048576K
}
Event: 14.598 GC heap before
{Heap before GC invocations=13 (full 3):
 PSYoungGen      total 138240K, used 5120K [0x00000000d5580000, 0x00000000de180000, 0x0000000100000000)
  eden space 133120K, 0% used [0x00000000d5580000,0x00000000d5580000,0x00000000dd780000)
  from space 5120K, 100% used [0x00000000ddc80000,0x00000000de180000,0x00000000de180000)
  to   space 5120K, 0% used [0x00000000dd780000,0x00000000dd780000,0x00000000ddc80000)
 ParOldGen       total 58368K, used 48349K [0x0000000080000000, 0x0000000083900000, 0x00000000d5580000)
  object space 58368K, 82% used [0x0000000080000000,0x0000000082f37668,0x0000000083900000)
 Metaspace       used 56560K, capacity 59000K, committed 59160K, reserved 1099776K
  class space    used 7749K, capacity 8221K, committed 8240K, reserved 1048576K
Event: 14.819 GC heap after
Heap after GC invocations=13 (full 3):
 PSYoungGen      total 138240K, used 0K [0x00000000d5580000, 0x00000000de180000, 0x0000000100000000)
  eden space 133120K, 0% used [0x00000000d5580000,0x00000000d5580000,0x00000000dd780000)
  from space 5120K, 0% used [0x00000000ddc80000,0x00000000ddc80000,0x00000000de180000)
  to   space 5120K, 0% used [0x00000000dd780000,0x00000000dd780000,0x00000000ddc80000)
 ParOldGen       total 58368K, used 41436K [0x0000000080000000, 0x0000000083900000, 0x00000000d5580000)
  object space 58368K, 70% used [0x0000000080000000,0x00000000828770a8,0x0000000083900000)
 Metaspace       used 56518K, capacity 58856K, committed 59160K, reserved 1099776K
  class space    used 7735K, capacity 8197K, committed 8240K, reserved 1048576K
}

Deoptimization events (10 events):
Event: 14.999 Thread 0x000000001bf1d000 Uncommon trap: reason=bimorphic action=maybe_recompile pc=0x000000000320a494 method=java.util.regex.Pattern$5.isSatisfiedBy(I)Z @ 16
Event: 14.999 Thread 0x000000001bf1d000 Uncommon trap: reason=bimorphic action=maybe_recompile pc=0x000000000320a494 method=java.util.regex.Pattern$5.isSatisfiedBy(I)Z @ 16
Event: 14.999 Thread 0x000000001bf1d000 Uncommon trap: reason=bimorphic action=maybe_recompile pc=0x000000000320a494 method=java.util.regex.Pattern$5.isSatisfiedBy(I)Z @ 16
Event: 14.999 Thread 0x000000001bf1d000 Uncommon trap: reason=bimorphic action=maybe_recompile pc=0x000000000320a494 method=java.util.regex.Pattern$5.isSatisfiedBy(I)Z @ 16
Event: 15.472 Thread 0x000000001bf1d000 Uncommon trap: reason=unstable_if action=reinterpret pc=0x0000000002b16ae8 method=java.util.regex.Pattern$BmpCharProperty.match(Ljava/util/regex/Matcher;ILjava/lang/CharSequence;)Z @ 34
Event: 15.548 Thread 0x000000001bf1d000 Uncommon trap: reason=unstable_if action=reinterpret pc=0x0000000003257b98 method=com.sun.org.apache.xerces.internal.impl.XMLEntityScanner.scanLiteral(ILcom/sun/org/apache/xerces/internal/xni/XMLString;Z)I @ 660
Event: 15.625 Thread 0x000000001bf1d000 Uncommon trap: reason=unstable_if action=reinterpret pc=0x00000000031cf2d8 method=com.google.gson.stream.JsonReader.doPeek()I @ 315
Event: 15.676 Thread 0x000000001bf1d000 Uncommon trap: reason=unstable_if action=reinterpret pc=0x00000000028a4cb4 method=java.lang.String.lastIndexOf([CII[CIII)I @ 118
Event: 15.758 Thread 0x000000001bf1d000 Uncommon trap: reason=unstable_if action=reinterpret pc=0x0000000002ecc094 method=java.util.HashMap.putVal(ILjava/lang/Object;Ljava/lang/Object;ZZ)Ljava/lang/Object; @ 109
Event: 15.758 Thread 0x000000001bf1d000 Uncommon trap: reason=unstable_if action=reinterpret pc=0x0000000002eb86ac method=java.util.HashMap.putVal(ILjava/lang/Object;Ljava/lang/Object;ZZ)Ljava/lang/Object; @ 109

Classes redefined (0 events):
No events

Internal exceptions (10 events):
Event: 15.033 Thread 0x000000001bf1d000 Exception <a 'java/lang/ClassNotFoundException': com/sun/org/glassfish/hk2/osgiresourcelocator/ServiceLoader> (0x00000000d5b12ba0) thrown at [C:\src\AOSP-openjdk-git\hotspot\src\share\vm\classfile\systemDictionary.cpp, line 210]
Event: 15.133 Thread 0x000000001bf1d000 Exception <a 'java/lang/NullPointerException'> (0x00000000d5f8ef70) thrown at [C:\src\AOSP-openjdk-git\hotspot\src\share\vm\interpreter\linkResolver.cpp, line 1287]
Event: 15.972 Thread 0x000000001bf1d000 Exception <a 'java/lang/ClassNotFoundException': org/gradle/api/internal/file/collections/DefaultConfigurableFileTreeBeanInfo> (0x00000000d80ea580) thrown at [C:\src\AOSP-openjdk-git\hotspot\src\share\vm\classfile\systemDictionary.cpp, line 210]
Event: 15.973 Thread 0x000000001bf1d000 Exception <a 'java/lang/ClassNotFoundException': org/gradle/api/internal/file/CompositeFileTreeBeanInfo> (0x00000000d8103a70) thrown at [C:\src\AOSP-openjdk-git\hotspot\src\share\vm\classfile\systemDictionary.cpp, line 210]
Event: 15.974 Thread 0x000000001bf1d000 Exception <a 'java/lang/ClassNotFoundException': org/gradle/api/internal/file/CompositeFileCollectionBeanInfo> (0x00000000d811ed20) thrown at [C:\src\AOSP-openjdk-git\hotspot\src\share\vm\classfile\systemDictionary.cpp, line 210]
Event: 15.974 Thread 0x000000001bf1d000 Exception <a 'java/lang/ClassNotFoundException': org/gradle/api/internal/file/AbstractFileCollectionBeanInfo> (0x00000000d8139fd0) thrown at [C:\src\AOSP-openjdk-git\hotspot\src\share\vm\classfile\systemDictionary.cpp, line 210]
Event: 15.975 Thread 0x000000001bf1d000 Exception <a 'java/lang/ClassNotFoundException': org/gradle/api/internal/file/AbstractFileCollectionCustomizer> (0x00000000d81558b0) thrown at [C:\src\AOSP-openjdk-git\hotspot\src\share\vm\classfile\systemDictionary.cpp, line 210]
Event: 15.976 Thread 0x000000001bf1d000 Exception <a 'java/lang/ClassNotFoundException': org/gradle/api/internal/file/CompositeFileCollectionCustomizer> (0x00000000d81825f8) thrown at [C:\src\AOSP-openjdk-git\hotspot\src\share\vm\classfile\systemDictionary.cpp, line 210]
Event: 15.977 Thread 0x000000001bf1d000 Exception <a 'java/lang/ClassNotFoundException': org/gradle/api/internal/file/CompositeFileTreeCustomizer> (0x00000000d81a8818) thrown at [C:\src\AOSP-openjdk-git\hotspot\src\share\vm\classfile\systemDictionary.cpp, line 210]
Event: 15.977 Thread 0x000000001bf1d000 Exception <a 'java/lang/ClassNotFoundException': org/gradle/api/internal/file/collections/DefaultConfigurableFileTreeCustomizer> (0x00000000d81d53a0) thrown at [C:\src\AOSP-openjdk-git\hotspot\src\share\vm\classfile\systemDictionary.cpp, line 210]

Events (10 events):
Event: 16.083 loading class com/android/ide/common/resources/DataMerger
Event: 16.083 loading class com/android/ide/common/resources/DataMerger done
Event: 16.085 loading class com/android/ide/common/resources/MergedResourceWriter
Event: 16.085 loading class com/android/ide/common/resources/MergedResourceWriter done
Event: 16.087 loading class com/android/ide/common/resources/MergeWriter
Event: 16.087 loading class com/android/ide/common/resources/MergeWriter done
Event: 16.088 loading class com/android/ide/common/resources/FileValidity
Event: 16.088 loading class com/android/ide/common/resources/FileValidity done
Event: 16.088 loading class com/android/build/gradle/internal/DependencyResourcesComputer
Event: 16.088 loading class com/android/build/gradle/internal/DependencyResourcesComputer done


Dynamic libraries:
0x00007ff7abe30000 - 0x00007ff7abe61000 	C:\Program Files\Android\Android Studio\jre\bin\java.exe
0x00007ff963470000 - 0x00007ff963664000 	C:\WINDOWS\SYSTEM32\ntdll.dll
0x00007ff962580000 - 0x00007ff96263d000 	C:\WINDOWS\System32\KERNEL32.DLL
0x00007ff960da0000 - 0x00007ff961067000 	C:\WINDOWS\System32\KERNELBASE.dll
0x00007ff962d60000 - 0x00007ff962e0a000 	C:\WINDOWS\System32\ADVAPI32.dll
0x00007ff961c50000 - 0x00007ff961cee000 	C:\WINDOWS\System32\msvcrt.dll
0x00007ff9631e0000 - 0x00007ff96327b000 	C:\WINDOWS\System32\sechost.dll
0x00007ff963050000 - 0x00007ff963173000 	C:\WINDOWS\System32\RPCRT4.dll
0x00007ff962e40000 - 0x00007ff962fe0000 	C:\WINDOWS\System32\USER32.dll
0x00007ff960c20000 - 0x00007ff960c42000 	C:\WINDOWS\System32\win32u.dll
0x00007ff962e10000 - 0x00007ff962e3a000 	C:\WINDOWS\System32\GDI32.dll
0x00007ff9611a0000 - 0x00007ff9612aa000 	C:\WINDOWS\System32\gdi32full.dll
0x00007ff960d00000 - 0x00007ff960d9d000 	C:\WINDOWS\System32\msvcp_win.dll
0x00007ff961070000 - 0x00007ff961170000 	C:\WINDOWS\System32\ucrtbase.dll
0x00007ff93a050000 - 0x00007ff93a2ea000 	C:\WINDOWS\WinSxS\amd64_microsoft.windows.common-controls_6595b64144ccf1df_6.0.19041.1_none_b555e41d4684ddec\COMCTL32.dll
0x00007ff9614e0000 - 0x00007ff961510000 	C:\WINDOWS\System32\IMM32.DLL
0x000000005b4d0000 - 0x000000005b5a2000 	C:\Program Files\Android\Android Studio\jre\jre\bin\msvcr100.dll
0x000000005b5b0000 - 0x000000005bdfb000 	C:\Program Files\Android\Android Studio\jre\jre\bin\server\jvm.dll
0x00007ff962640000 - 0x00007ff962648000 	C:\WINDOWS\System32\PSAPI.DLL
0x00007ff93c4c0000 - 0x00007ff93c4c9000 	C:\WINDOWS\SYSTEM32\WSOCK32.dll
0x00007ff93c580000 - 0x00007ff93c5a7000 	C:\WINDOWS\SYSTEM32\WINMM.dll
0x00007ff956020000 - 0x00007ff95602a000 	C:\WINDOWS\SYSTEM32\VERSION.dll
0x00007ff962460000 - 0x00007ff9624cb000 	C:\WINDOWS\System32\WS2_32.dll
0x00007ff951960000 - 0x00007ff95196f000 	C:\Program Files\Android\Android Studio\jre\jre\bin\verify.dll
0x00007ff951900000 - 0x00007ff951929000 	C:\Program Files\Android\Android Studio\jre\jre\bin\java.dll
0x00007ff9508d0000 - 0x00007ff9508e6000 	C:\Program Files\Android\Android Studio\jre\jre\bin\zip.dll
0x00007ff961510000 - 0x00007ff961c44000 	C:\WINDOWS\System32\SHELL32.dll
0x00007ff95eb00000 - 0x00007ff95f28e000 	C:\WINDOWS\SYSTEM32\windows.storage.dll
0x00007ff9627f0000 - 0x00007ff962b43000 	C:\WINDOWS\System32\combase.dll
0x00007ff960640000 - 0x00007ff96066b000 	C:\WINDOWS\SYSTEM32\Wldp.dll
0x00007ff9623b0000 - 0x00007ff96245e000 	C:\WINDOWS\System32\SHCORE.dll
0x00007ff9621d0000 - 0x00007ff962225000 	C:\WINDOWS\System32\shlwapi.dll
0x00007ff960b00000 - 0x00007ff960b1f000 	C:\WINDOWS\SYSTEM32\profapi.dll
0x00007ff9508b0000 - 0x00007ff9508ca000 	C:\Program Files\Android\Android Studio\jre\jre\bin\net.dll
0x00007ff9603c0000 - 0x00007ff96042a000 	C:\WINDOWS\system32\mswsock.dll
0x00007ff94ef50000 - 0x00007ff94ef63000 	C:\Program Files\Android\Android Studio\jre\jre\bin\nio.dll
0x00007ff94ebc0000 - 0x00007ff94ebe7000 	C:\Users\carlo\.gradle\native\f6784746aeab05261644944871eae4fe03e0ef1612fff0a4a95f87b438bc6780\windows-amd64\native-platform.dll
0x00007ff9508a0000 - 0x00007ff9508ad000 	C:\Program Files\Android\Android Studio\jre\jre\bin\management.dll
0x00007ff9605a0000 - 0x00007ff9605b8000 	C:\WINDOWS\SYSTEM32\CRYPTSP.dll
0x00007ff95fce0000 - 0x00007ff95fd14000 	C:\WINDOWS\system32\rsaenh.dll
0x00007ff961170000 - 0x00007ff961197000 	C:\WINDOWS\System32\bcrypt.dll
0x00007ff960a80000 - 0x00007ff960aae000 	C:\WINDOWS\SYSTEM32\USERENV.dll
0x00007ff9612b0000 - 0x00007ff96132f000 	C:\WINDOWS\System32\bcryptprimitives.dll
0x00007ff960590000 - 0x00007ff96059c000 	C:\WINDOWS\SYSTEM32\CRYPTBASE.dll
0x00007ff960060000 - 0x00007ff96009b000 	C:\WINDOWS\SYSTEM32\IPHLPAPI.DLL
0x00007ff961cf0000 - 0x00007ff961cf9000 	C:\WINDOWS\System32\NSI.dll
0x00007ff94f740000 - 0x00007ff94f757000 	C:\WINDOWS\SYSTEM32\dhcpcsvc6.DLL
0x00007ff94f910000 - 0x00007ff94f92d000 	C:\WINDOWS\SYSTEM32\dhcpcsvc.DLL
0x00007ff9600b0000 - 0x00007ff96017a000 	C:\WINDOWS\SYSTEM32\DNSAPI.dll
0x00007ff955fb0000 - 0x00007ff955fbb000 	C:\WINDOWS\SYSTEM32\WINNSI.DLL

VM Arguments:
jvm_args: -Xmx2048m -Dfile.encoding=UTF-8 -Duser.country=ES -Duser.language=es -Duser.variant 
java_command: org.gradle.launcher.daemon.bootstrap.GradleDaemon 6.5
java_class_path (initial): C:\Users\carlo\.gradle\wrapper\dists\gradle-6.5-all\2oz4ud9k3tuxjg84bbf55q0tn\gradle-6.5\lib\gradle-launcher-6.5.jar
Launcher Type: SUN_STANDARD

Environment Variables:
PATH=C:\Python39\Scripts\;C:\Python39\;C:\Program Files (x86)\Common Files\Oracle\Java\javapath;C:\WINDOWS\system32;C:\WINDOWS;C:\WINDOWS\System32\Wbem;C:\WINDOWS\System32\WindowsPowerShell\v1.0\;C:\WINDOWS\System32\OpenSSH\;C:\Program Files\Microsoft SQL Server\Client SDK\ODBC\130\Tools\Binn\;C:\Program Files (x86)\Microsoft SQL Server\150\DTS\Binn\;C:\Program Files (x86)\Windows Kits\10\Windows Performance Toolkit\;C:\Program Files\Microsoft SQL Server\Client SDK\ODBC\170\Tools\Binn\;C:\Program Files (x86)\Microsoft SQL Server\150\Tools\Binn\;C:\Program Files\Microsoft SQL Server\150\Tools\Binn\;C:\Program Files\Microsoft SQL Server\150\DTS\Binn\;C:\Program Files\Git\cmd;C:\Program Files\dotnet\;C:\Program Files\Microsoft SQL Server\130\Tools\Binn\;C:\Program Files (x86)\dotnet\;C:\xampp\php;C:\composer;C:\Program Files\nodejs\;C:\ProgramData\chocolatey\bin;C:\Users\carlo\AppData\Local\Programs\Python\Python38-32\Scripts\;C:\Users\carlo\AppData\Local\Programs\Python\Python38-32\;C:\Users\carlo\AppData\Local\Microsoft\WindowsApps;C:\Users\carlo\AppData\Roaming\Dashlane\6.2007.0.32704\bin\Firefox_Extension\{442718d9-475e-452a-b3e1-fb1ee16b8e9f}\components;C:\Users\carlo\AppData\Roaming\Dashlane\6.2007.0.32704\ucrt;C:\Users\carlo\AppData\Roaming\Dashlane\6.2007.0.32704\bin\Qt;C:\Users\carlo\AppData\Roaming\Dashlane\6.2007.0.32704\bin\Ssl;C:\Users\carlo\AppData\Local\Programs\Microsoft VS Code\bin;C:\sqlite3\sqlite-tools-win32-x86-3330000;C:\Users\carlo\AppData\Roaming\Composer\vendor\bin;C:\xampp\php;C:\Users\carlo\.dotnet\tools;C:\Users\carlo\AppData\Roaming\npm
USERNAME=Carlos Ivan Almeida
OS=Windows_NT
PROCESSOR_IDENTIFIER=Intel64 Family 6 Model 142 Stepping 10, GenuineIntel



---------------  S Y S T E M  ---------------

OS: Windows 10.0 , 64 bit Build 19041 (10.0.19041.292)

CPU:total 8 (initial active 8) (4 cores per cpu, 2 threads per core) family 6 model 142 stepping 10, cmov, cx8, fxsr, mmx, sse, sse2, sse3, ssse3, sse4.1, sse4.2, popcnt, avx, avx2, aes, clmul, erms, 3dnowpref, lzcnt, ht, tsc, tscinvbit, bmi1, bmi2, adx

Memory: 4k page, physical 8283772k(1230984k free), swap 12189308k(5160k free)

vm_info: OpenJDK 64-Bit Server VM (25.242-b01) for windows-amd64 JRE (1.8.0_242-release-1644-b01), built by "builder" with MS VC++ 10.0 (VS2010)

time: Wed Aug 25 23:30:10 2021
timezone: Hora est. Pacífico, Sudamérica
elapsed time: 16 seconds (0d 0h 0m 16s)

